        -:    0:Source:/opt/homebrew/Cellar/erlang/28.0.2_1/lib/erlang/erts-16.0.2/include/erl_nif_api_funcs.h
        -:    0:Graph:priv/fdb_nif_coverage.so-fdb_nif.gcno
        -:    0:Data:priv/fdb_nif_coverage.so-fdb_nif.gcda
        -:    0:Runs:4
        -:    0:Programs:1
        -:    1:/*
        -:    2: * %CopyrightBegin%
        -:    3: *
        -:    4: * SPDX-License-Identifier: Apache-2.0
        -:    5: *
        -:    6: * Copyright Ericsson AB 2009-2025. All Rights Reserved.
        -:    7: *
        -:    8: * Licensed under the Apache License, Version 2.0 (the "License");
        -:    9: * you may not use this file except in compliance with the License.
        -:   10: * You may obtain a copy of the License at
        -:   11: *
        -:   12: *     http://www.apache.org/licenses/LICENSE-2.0
        -:   13: *
        -:   14: * Unless required by applicable law or agreed to in writing, software
        -:   15: * distributed under the License is distributed on an "AS IS" BASIS,
        -:   16: * WITHOUT WARRANTIES OR CONDITIONS OF ANY KIND, either express or implied.
        -:   17: * See the License for the specific language governing permissions and
        -:   18: * limitations under the License.
        -:   19: *
        -:   20: * %CopyrightEnd%
        -:   21: */
        -:   22:
        -:   23:#if !defined(ERL_NIF_API_FUNC_DECL) && !defined(ERL_NIF_API_FUNC_MACRO)
        -:   24:#  error This file should not be included directly
        -:   25:#endif
        -:   26:
        -:   27:/*
        -:   28:** WARNING: Add new ERL_NIF_API_FUNC_DECL entries at the bottom of the list
        -:   29:** to keep compatibility on Windows!!!
        -:   30:**
        -:   31:** And don't forget to increase ERL_NIF_MINOR_VERSION in erl_nif.h
        -:   32:** when adding functions to the API.
        -:   33:*/
        -:   34:#ifdef ERL_NIF_API_FUNC_DECL
        -:   35:ERL_NIF_API_FUNC_DECL(void*,enif_priv_data,(ErlNifEnv*));
        -:   36:ERL_NIF_API_FUNC_DECL(void*,enif_alloc,(size_t size) ERL_NAPI_ATTR_MALLOC_USD(1,enif_free,1));
        -:   37:ERL_NIF_API_FUNC_DECL(void,enif_free,(void* ptr));
        -:   38:ERL_NIF_API_FUNC_DECL(int,enif_is_atom,(ErlNifEnv*, ERL_NIF_TERM term));
        -:   39:ERL_NIF_API_FUNC_DECL(int,enif_is_binary,(ErlNifEnv*, ERL_NIF_TERM term));
        -:   40:ERL_NIF_API_FUNC_DECL(int,enif_is_ref,(ErlNifEnv*, ERL_NIF_TERM term));
        -:   41:ERL_NIF_API_FUNC_DECL(int,enif_inspect_binary,(ErlNifEnv*, ERL_NIF_TERM bin_term, ErlNifBinary* bin));
        -:   42:ERL_NIF_API_FUNC_DECL(int,enif_alloc_binary,(size_t size, ErlNifBinary* bin));
        -:   43:ERL_NIF_API_FUNC_DECL(int,enif_realloc_binary,(ErlNifBinary* bin, size_t size));
        -:   44:ERL_NIF_API_FUNC_DECL(void,enif_release_binary,(ErlNifBinary* bin));
        -:   45:ERL_NIF_API_FUNC_DECL(int,enif_get_int,(ErlNifEnv*, ERL_NIF_TERM term, int* ip));
        -:   46:ERL_NIF_API_FUNC_DECL(int,enif_get_ulong,(ErlNifEnv*, ERL_NIF_TERM term, unsigned long* ip));
        -:   47:ERL_NIF_API_FUNC_DECL(int,enif_get_double,(ErlNifEnv*, ERL_NIF_TERM term, double* dp));
        -:   48:ERL_NIF_API_FUNC_DECL(int,enif_get_list_cell,(ErlNifEnv* env, ERL_NIF_TERM term, ERL_NIF_TERM* head, ERL_NIF_TERM* tail));
        -:   49:ERL_NIF_API_FUNC_DECL(int,enif_get_tuple,(ErlNifEnv* env, ERL_NIF_TERM tpl, int* arity, const ERL_NIF_TERM** array));
        -:   50:ERL_NIF_API_FUNC_DECL(int,enif_is_identical,(ERL_NIF_TERM lhs, ERL_NIF_TERM rhs));
        -:   51:ERL_NIF_API_FUNC_DECL(int,enif_compare,(ERL_NIF_TERM lhs, ERL_NIF_TERM rhs));
        -:   52:ERL_NIF_API_FUNC_DECL(ERL_NIF_TERM,enif_make_binary,(ErlNifEnv* env, ErlNifBinary* bin));
        -:   53:ERL_NIF_API_FUNC_DECL(ERL_NIF_TERM,enif_make_badarg,(ErlNifEnv* env));
        -:   54:ERL_NIF_API_FUNC_DECL(ERL_NIF_TERM,enif_make_int,(ErlNifEnv* env, int i));
        -:   55:ERL_NIF_API_FUNC_DECL(ERL_NIF_TERM,enif_make_ulong,(ErlNifEnv* env, unsigned long i));
        -:   56:ERL_NIF_API_FUNC_DECL(ERL_NIF_TERM,enif_make_double,(ErlNifEnv* env, double d));
        -:   57:ERL_NIF_API_FUNC_DECL(ERL_NIF_TERM,enif_make_atom,(ErlNifEnv* env, const char* name));
        -:   58:ERL_NIF_API_FUNC_DECL(int,enif_make_existing_atom,(ErlNifEnv* env, const char* name, ERL_NIF_TERM* atom, ErlNifCharEncoding));
        -:   59:ERL_NIF_API_FUNC_DECL(ERL_NIF_TERM,enif_make_tuple,(ErlNifEnv* env, unsigned cnt, ...));
        -:   60:ERL_NIF_API_FUNC_DECL(ERL_NIF_TERM,enif_make_list,(ErlNifEnv* env, unsigned cnt, ...));
        -:   61:ERL_NIF_API_FUNC_DECL(ERL_NIF_TERM,enif_make_list_cell,(ErlNifEnv* env, ERL_NIF_TERM car, ERL_NIF_TERM cdr));
        -:   62:ERL_NIF_API_FUNC_DECL(ERL_NIF_TERM,enif_make_string,(ErlNifEnv* env, const char* string, ErlNifCharEncoding));
        -:   63:ERL_NIF_API_FUNC_DECL(ERL_NIF_TERM,enif_make_ref,(ErlNifEnv* env));
        -:   64:
        -:   65:ERL_NIF_API_FUNC_DECL(ErlNifMutex*,enif_mutex_create,(char *name) ERL_NAPI_ATTR_MALLOC_D(enif_mutex_destroy,1));
        -:   66:ERL_NIF_API_FUNC_DECL(void,enif_mutex_destroy,(ErlNifMutex *mtx));
        -:   67:ERL_NIF_API_FUNC_DECL(int,enif_mutex_trylock,(ErlNifMutex *mtx));
        -:   68:ERL_NIF_API_FUNC_DECL(void,enif_mutex_lock,(ErlNifMutex *mtx));
        -:   69:ERL_NIF_API_FUNC_DECL(void,enif_mutex_unlock,(ErlNifMutex *mtx));
        -:   70:ERL_NIF_API_FUNC_DECL(ErlNifCond*,enif_cond_create,(char *name) ERL_NAPI_ATTR_MALLOC_D(enif_cond_destroy,1));
        -:   71:ERL_NIF_API_FUNC_DECL(void,enif_cond_destroy,(ErlNifCond *cnd));
        -:   72:ERL_NIF_API_FUNC_DECL(void,enif_cond_signal,(ErlNifCond *cnd));
        -:   73:ERL_NIF_API_FUNC_DECL(void,enif_cond_broadcast,(ErlNifCond *cnd));
        -:   74:ERL_NIF_API_FUNC_DECL(void,enif_cond_wait,(ErlNifCond *cnd, ErlNifMutex *mtx));
        -:   75:ERL_NIF_API_FUNC_DECL(ErlNifRWLock*,enif_rwlock_create,(char *name) ERL_NAPI_ATTR_MALLOC_D(enif_rwlock_destroy,1));
        -:   76:ERL_NIF_API_FUNC_DECL(void,enif_rwlock_destroy,(ErlNifRWLock *rwlck));
        -:   77:ERL_NIF_API_FUNC_DECL(int,enif_rwlock_tryrlock,(ErlNifRWLock *rwlck));
        -:   78:ERL_NIF_API_FUNC_DECL(void,enif_rwlock_rlock,(ErlNifRWLock *rwlck));
        -:   79:ERL_NIF_API_FUNC_DECL(void,enif_rwlock_runlock,(ErlNifRWLock *rwlck));
        -:   80:ERL_NIF_API_FUNC_DECL(int,enif_rwlock_tryrwlock,(ErlNifRWLock *rwlck));
        -:   81:ERL_NIF_API_FUNC_DECL(void,enif_rwlock_rwlock,(ErlNifRWLock *rwlck));
        -:   82:ERL_NIF_API_FUNC_DECL(void,enif_rwlock_rwunlock,(ErlNifRWLock *rwlck));
        -:   83:ERL_NIF_API_FUNC_DECL(int,enif_tsd_key_create,(char *name, ErlNifTSDKey *key));
        -:   84:ERL_NIF_API_FUNC_DECL(void,enif_tsd_key_destroy,(ErlNifTSDKey key));
        -:   85:ERL_NIF_API_FUNC_DECL(void,enif_tsd_set,(ErlNifTSDKey key, void *data));
        -:   86:ERL_NIF_API_FUNC_DECL(void*,enif_tsd_get,(ErlNifTSDKey key));
        -:   87:ERL_NIF_API_FUNC_DECL(ErlNifThreadOpts*,enif_thread_opts_create,(char *name) ERL_NAPI_ATTR_MALLOC_D(enif_thread_opts_destroy,1));
        -:   88:ERL_NIF_API_FUNC_DECL(void,enif_thread_opts_destroy,(ErlNifThreadOpts *opts));
        -:   89:ERL_NIF_API_FUNC_DECL(int,enif_thread_create,(char *name,ErlNifTid *tid,void * (*func)(void *),void *args,ErlNifThreadOpts *opts));
        -:   90:ERL_NIF_API_FUNC_DECL(ErlNifTid,enif_thread_self,(void));
        -:   91:ERL_NIF_API_FUNC_DECL(int,enif_equal_tids,(ErlNifTid tid1, ErlNifTid tid2));
        -:   92:ERL_NIF_API_FUNC_DECL(void,enif_thread_exit,(void *resp));
        -:   93:ERL_NIF_API_FUNC_DECL(int,enif_thread_join,(ErlNifTid, void **respp));
        -:   94:
        -:   95:ERL_NIF_API_FUNC_DECL(void*,enif_realloc,(void* ptr, size_t size) ERL_NAPI_ATTR_ALLOC_SIZE(2));
        -:   96:ERL_NIF_API_FUNC_DECL(void,enif_system_info,(ErlNifSysInfo *sip, size_t si_size));
        -:   97:ERL_NIF_API_FUNC_DECL(int,enif_fprintf,(FILE* filep, const char *format, ...));
        -:   98:ERL_NIF_API_FUNC_DECL(int,enif_inspect_iolist_as_binary,(ErlNifEnv*, ERL_NIF_TERM term, ErlNifBinary* bin));
        -:   99:ERL_NIF_API_FUNC_DECL(ERL_NIF_TERM,enif_make_sub_binary,(ErlNifEnv*, ERL_NIF_TERM bin_term, size_t pos, size_t size));
        -:  100:ERL_NIF_API_FUNC_DECL(int,enif_get_string,(ErlNifEnv*, ERL_NIF_TERM list, char* buf, unsigned len, ErlNifCharEncoding));
        -:  101:ERL_NIF_API_FUNC_DECL(int,enif_get_atom,(ErlNifEnv*, ERL_NIF_TERM atom, char* buf, unsigned len, ErlNifCharEncoding));
        -:  102:ERL_NIF_API_FUNC_DECL(int,enif_is_fun,(ErlNifEnv*, ERL_NIF_TERM term));
        -:  103:ERL_NIF_API_FUNC_DECL(int,enif_is_pid,(ErlNifEnv*, ERL_NIF_TERM term));
        -:  104:ERL_NIF_API_FUNC_DECL(int,enif_is_port,(ErlNifEnv*, ERL_NIF_TERM term));
        -:  105:ERL_NIF_API_FUNC_DECL(int,enif_get_uint,(ErlNifEnv*, ERL_NIF_TERM term, unsigned* ip));
        -:  106:ERL_NIF_API_FUNC_DECL(int,enif_get_long,(ErlNifEnv*, ERL_NIF_TERM term, long* ip));
        -:  107:ERL_NIF_API_FUNC_DECL(ERL_NIF_TERM,enif_make_uint,(ErlNifEnv*, unsigned i));
        -:  108:ERL_NIF_API_FUNC_DECL(ERL_NIF_TERM,enif_make_long,(ErlNifEnv*, long i));
        -:  109:ERL_NIF_API_FUNC_DECL(ERL_NIF_TERM,enif_make_tuple_from_array,(ErlNifEnv*, const ERL_NIF_TERM arr[], unsigned cnt));
        -:  110:ERL_NIF_API_FUNC_DECL(ERL_NIF_TERM,enif_make_list_from_array,(ErlNifEnv*, const ERL_NIF_TERM arr[], unsigned cnt));
        -:  111:ERL_NIF_API_FUNC_DECL(int,enif_is_empty_list,(ErlNifEnv*, ERL_NIF_TERM term));
        -:  112:ERL_NIF_API_FUNC_DECL(ErlNifResourceType*,enif_open_resource_type,(ErlNifEnv*, const char* module_str, const char* name_str, void (*dtor)(ErlNifEnv*,void *), ErlNifResourceFlags flags, ErlNifResourceFlags* tried));
        -:  113:ERL_NIF_API_FUNC_DECL(void *, enif_alloc_resource, (ErlNifResourceType *type, size_t size) ERL_NAPI_ATTR_MALLOC_US(2));
        -:  114:ERL_NIF_API_FUNC_DECL(void,enif_release_resource,(void* obj));
        -:  115:ERL_NIF_API_FUNC_DECL(ERL_NIF_TERM,enif_make_resource,(ErlNifEnv*, void* obj));
        -:  116:ERL_NIF_API_FUNC_DECL(int,enif_get_resource,(ErlNifEnv*, ERL_NIF_TERM term, ErlNifResourceType* type, void** objp));
        -:  117:ERL_NIF_API_FUNC_DECL(size_t,enif_sizeof_resource,(void* obj));
        -:  118:ERL_NIF_API_FUNC_DECL(unsigned char*,enif_make_new_binary,(ErlNifEnv*,size_t size,ERL_NIF_TERM* termp));
        -:  119:ERL_NIF_API_FUNC_DECL(int,enif_is_list,(ErlNifEnv*, ERL_NIF_TERM term));
        -:  120:ERL_NIF_API_FUNC_DECL(int,enif_is_tuple,(ErlNifEnv*, ERL_NIF_TERM term));
        -:  121:ERL_NIF_API_FUNC_DECL(int,enif_get_atom_length,(ErlNifEnv*, ERL_NIF_TERM atom, unsigned* len, ErlNifCharEncoding));
        -:  122:ERL_NIF_API_FUNC_DECL(int,enif_get_list_length,(ErlNifEnv* env, ERL_NIF_TERM term, unsigned* len));
        -:  123:ERL_NIF_API_FUNC_DECL(ERL_NIF_TERM, enif_make_atom_len,(ErlNifEnv* env, const char* name, size_t len));
        -:  124:ERL_NIF_API_FUNC_DECL(int, enif_make_existing_atom_len,(ErlNifEnv* env, const char* name, size_t len, ERL_NIF_TERM* atom, ErlNifCharEncoding));
        -:  125:ERL_NIF_API_FUNC_DECL(ERL_NIF_TERM,enif_make_string_len,(ErlNifEnv* env, const char* string, size_t len, ErlNifCharEncoding));
        -:  126:ERL_NIF_API_FUNC_DECL(ErlNifEnv*,enif_alloc_env,(void) ERL_NAPI_ATTR_WUR);
        -:  127:ERL_NIF_API_FUNC_DECL(void,enif_free_env,(ErlNifEnv* env));
        -:  128:ERL_NIF_API_FUNC_DECL(void,enif_clear_env,(ErlNifEnv* env));
        -:  129:ERL_NIF_API_FUNC_DECL(int,enif_send,(ErlNifEnv* env, const ErlNifPid* to_pid, ErlNifEnv* msg_env, ERL_NIF_TERM msg));
        -:  130:ERL_NIF_API_FUNC_DECL(ERL_NIF_TERM,enif_make_copy,(ErlNifEnv* dst_env, ERL_NIF_TERM src_term));
        -:  131:ERL_NIF_API_FUNC_DECL(ErlNifPid*,enif_self,(ErlNifEnv* caller_env, ErlNifPid* pid));
        -:  132:ERL_NIF_API_FUNC_DECL(int,enif_get_local_pid,(ErlNifEnv* env, ERL_NIF_TERM, ErlNifPid* pid));
        -:  133:ERL_NIF_API_FUNC_DECL(void,enif_keep_resource,(void* obj));
        -:  134:ERL_NIF_API_FUNC_DECL(ERL_NIF_TERM,enif_make_resource_binary,(ErlNifEnv*,void* obj,const void* data, size_t size));
        -:  135:#if SIZEOF_LONG != 8
        -:  136:ERL_NIF_API_FUNC_DECL(int,enif_get_int64,(ErlNifEnv*, ERL_NIF_TERM term, ErlNifSInt64* ip));
        -:  137:ERL_NIF_API_FUNC_DECL(int,enif_get_uint64,(ErlNifEnv*, ERL_NIF_TERM term, ErlNifUInt64* ip));
        -:  138:ERL_NIF_API_FUNC_DECL(ERL_NIF_TERM,enif_make_int64,(ErlNifEnv*, ErlNifSInt64));
        -:  139:ERL_NIF_API_FUNC_DECL(ERL_NIF_TERM,enif_make_uint64,(ErlNifEnv*, ErlNifUInt64));
        -:  140:#endif
        -:  141:ERL_NIF_API_FUNC_DECL(int,enif_is_exception,(ErlNifEnv*, ERL_NIF_TERM term));
        -:  142:ERL_NIF_API_FUNC_DECL(int,enif_make_reverse_list,(ErlNifEnv*, ERL_NIF_TERM term, ERL_NIF_TERM *list));
        -:  143:ERL_NIF_API_FUNC_DECL(int,enif_is_number,(ErlNifEnv*, ERL_NIF_TERM term));
        -:  144:ERL_NIF_API_FUNC_DECL(void*,enif_dlopen,(const char* lib, void (*err_handler)(void*,const char*), void* err_arg));
        -:  145:ERL_NIF_API_FUNC_DECL(void*,enif_dlsym,(void* handle, const char* symbol, void (*err_handler)(void*,const char*), void* err_arg));
        -:  146:ERL_NIF_API_FUNC_DECL(int,enif_consume_timeslice,(ErlNifEnv*, int percent));
        -:  147:ERL_NIF_API_FUNC_DECL(int, enif_is_map, (ErlNifEnv* env, ERL_NIF_TERM term));
        -:  148:ERL_NIF_API_FUNC_DECL(int, enif_get_map_size, (ErlNifEnv* env, ERL_NIF_TERM term, size_t *size));
        -:  149:ERL_NIF_API_FUNC_DECL(ERL_NIF_TERM, enif_make_new_map, (ErlNifEnv* env));
        -:  150:ERL_NIF_API_FUNC_DECL(int, enif_make_map_put, (ErlNifEnv* env, ERL_NIF_TERM map_in, ERL_NIF_TERM key, ERL_NIF_TERM value, ERL_NIF_TERM* map_out));
        -:  151:ERL_NIF_API_FUNC_DECL(int, enif_get_map_value, (ErlNifEnv* env, ERL_NIF_TERM map, ERL_NIF_TERM key, ERL_NIF_TERM* value));
        -:  152:ERL_NIF_API_FUNC_DECL(int, enif_make_map_update, (ErlNifEnv* env, ERL_NIF_TERM map_in, ERL_NIF_TERM key, ERL_NIF_TERM value, ERL_NIF_TERM* map_out));
        -:  153:ERL_NIF_API_FUNC_DECL(int, enif_make_map_remove, (ErlNifEnv* env, ERL_NIF_TERM map_in, ERL_NIF_TERM key, ERL_NIF_TERM* map_out));
        -:  154:ERL_NIF_API_FUNC_DECL(int, enif_map_iterator_create, (ErlNifEnv *env, ERL_NIF_TERM map, ErlNifMapIterator *iter, ErlNifMapIteratorEntry entry));
        -:  155:ERL_NIF_API_FUNC_DECL(void, enif_map_iterator_destroy, (ErlNifEnv *env, ErlNifMapIterator *iter));
        -:  156:ERL_NIF_API_FUNC_DECL(int, enif_map_iterator_is_head, (ErlNifEnv *env, ErlNifMapIterator *iter));
        -:  157:ERL_NIF_API_FUNC_DECL(int, enif_map_iterator_is_tail, (ErlNifEnv *env, ErlNifMapIterator *iter));
        -:  158:ERL_NIF_API_FUNC_DECL(int, enif_map_iterator_next, (ErlNifEnv *env, ErlNifMapIterator *iter));
        -:  159:ERL_NIF_API_FUNC_DECL(int, enif_map_iterator_prev, (ErlNifEnv *env, ErlNifMapIterator *iter));
        -:  160:ERL_NIF_API_FUNC_DECL(int, enif_map_iterator_get_pair, (ErlNifEnv *env, ErlNifMapIterator *iter, ERL_NIF_TERM *key, ERL_NIF_TERM *value));
        -:  161:ERL_NIF_API_FUNC_DECL(ERL_NIF_TERM,enif_schedule_nif,(ErlNifEnv*,const char*,int,ERL_NIF_TERM (*)(ErlNifEnv*,int,const ERL_NIF_TERM[]),int,const ERL_NIF_TERM[]));
        -:  162:ERL_NIF_API_FUNC_DECL(int, enif_has_pending_exception, (ErlNifEnv *env, ERL_NIF_TERM* reason));
        -:  163:ERL_NIF_API_FUNC_DECL(ERL_NIF_TERM, enif_raise_exception, (ErlNifEnv *env, ERL_NIF_TERM reason));
        -:  164:ERL_NIF_API_FUNC_DECL(int,enif_getenv,(const char* key, char* value, size_t* value_size));
        -:  165:ERL_NIF_API_FUNC_DECL(ErlNifTime, enif_monotonic_time, (ErlNifTimeUnit));
        -:  166:ERL_NIF_API_FUNC_DECL(ErlNifTime, enif_time_offset, (ErlNifTimeUnit));
        -:  167:ERL_NIF_API_FUNC_DECL(ErlNifTime, enif_convert_time_unit, (ErlNifTime, ErlNifTimeUnit, ErlNifTimeUnit));
        -:  168:ERL_NIF_API_FUNC_DECL(ERL_NIF_TERM, enif_now_time, (ErlNifEnv *env));
        -:  169:ERL_NIF_API_FUNC_DECL(ERL_NIF_TERM, enif_cpu_time, (ErlNifEnv *env));
        -:  170:ERL_NIF_API_FUNC_DECL(ERL_NIF_TERM, enif_make_unique_integer, (ErlNifEnv *env, ErlNifUniqueInteger properties));
        -:  171:ERL_NIF_API_FUNC_DECL(int, enif_is_current_process_alive, (ErlNifEnv *env));
        -:  172:ERL_NIF_API_FUNC_DECL(int, enif_is_process_alive, (ErlNifEnv *env, ErlNifPid *pid));
        -:  173:ERL_NIF_API_FUNC_DECL(int, enif_is_port_alive, (ErlNifEnv *env, ErlNifPort *port_id));
        -:  174:ERL_NIF_API_FUNC_DECL(int, enif_get_local_port, (ErlNifEnv* env, ERL_NIF_TERM, ErlNifPort* port_id));
        -:  175:ERL_NIF_API_FUNC_DECL(int, enif_term_to_binary, (ErlNifEnv *env, ERL_NIF_TERM term, ErlNifBinary *bin));
        -:  176:ERL_NIF_API_FUNC_DECL(size_t, enif_binary_to_term, (ErlNifEnv *env, const unsigned char* data, size_t sz, ERL_NIF_TERM *term, unsigned int opts));
        -:  177:ERL_NIF_API_FUNC_DECL(int, enif_port_command, (ErlNifEnv *env, const ErlNifPort* to_port, ErlNifEnv *msg_env, ERL_NIF_TERM msg));
        -:  178:ERL_NIF_API_FUNC_DECL(int,enif_thread_type,(void));
        -:  179:ERL_NIF_API_FUNC_DECL(int,enif_snprintf,(char * buffer, size_t size, const char *format, ...));
        -:  180:ERL_NIF_API_FUNC_DECL(int,enif_select,(ErlNifEnv* env, ErlNifEvent e, enum ErlNifSelectFlags flags, void* obj, const ErlNifPid* pid, ERL_NIF_TERM ref));
        -:  181:ERL_NIF_API_FUNC_DECL(ErlNifResourceType*,enif_open_resource_type_x,(ErlNifEnv*, const char* name_str, const ErlNifResourceTypeInit*, ErlNifResourceFlags flags, ErlNifResourceFlags* tried));
        -:  182:ERL_NIF_API_FUNC_DECL(int, enif_monitor_process,(ErlNifEnv*,void* obj,const ErlNifPid*,ErlNifMonitor *monitor));
        -:  183:ERL_NIF_API_FUNC_DECL(int, enif_demonitor_process,(ErlNifEnv*,void* obj,const ErlNifMonitor *monitor));
        -:  184:ERL_NIF_API_FUNC_DECL(int, enif_compare_monitors,(const ErlNifMonitor*,const ErlNifMonitor*));
        -:  185:ERL_NIF_API_FUNC_DECL(ErlNifUInt64,enif_hash,(ErlNifHash type, ERL_NIF_TERM term, ErlNifUInt64 salt));
        -:  186:ERL_NIF_API_FUNC_DECL(int, enif_whereis_pid, (ErlNifEnv *env, ERL_NIF_TERM name, ErlNifPid *pid));
        -:  187:ERL_NIF_API_FUNC_DECL(int, enif_whereis_port, (ErlNifEnv *env, ERL_NIF_TERM name, ErlNifPort *port));
        -:  188:
        -:  189:ERL_NIF_API_FUNC_DECL(ErlNifIOQueue *,enif_ioq_create,(ErlNifIOQueueOpts opts) ERL_NAPI_ATTR_MALLOC_D(enif_ioq_destroy,1));
        -:  190:ERL_NIF_API_FUNC_DECL(void,enif_ioq_destroy,(ErlNifIOQueue *q));
        -:  191:
        -:  192:ERL_NIF_API_FUNC_DECL(int,enif_ioq_enq_binary,(ErlNifIOQueue *q, ErlNifBinary *bin, size_t skip));
        -:  193:ERL_NIF_API_FUNC_DECL(int,enif_ioq_enqv,(ErlNifIOQueue *q, ErlNifIOVec *iov, size_t skip));
        -:  194:
        -:  195:ERL_NIF_API_FUNC_DECL(size_t,enif_ioq_size,(ErlNifIOQueue *q));
        -:  196:ERL_NIF_API_FUNC_DECL(int,enif_ioq_deq,(ErlNifIOQueue *q, size_t count, size_t *size));
        -:  197:
        -:  198:ERL_NIF_API_FUNC_DECL(SysIOVec*,enif_ioq_peek,(ErlNifIOQueue *q, int *iovlen));
        -:  199:
        -:  200:ERL_NIF_API_FUNC_DECL(int,enif_inspect_iovec,(ErlNifEnv *env, size_t max_length, ERL_NIF_TERM iovec_term, ERL_NIF_TERM *tail, ErlNifIOVec **iovec));
        -:  201:ERL_NIF_API_FUNC_DECL(void,enif_free_iovec,(ErlNifIOVec *iov));
        -:  202:
        -:  203:ERL_NIF_API_FUNC_DECL(int,enif_ioq_peek_head,(ErlNifEnv *env, ErlNifIOQueue *q, size_t *size, ERL_NIF_TERM *head));
        -:  204:
        -:  205:ERL_NIF_API_FUNC_DECL(char*,enif_mutex_name,(ErlNifMutex*));
        -:  206:ERL_NIF_API_FUNC_DECL(char*,enif_cond_name,(ErlNifCond*));
        -:  207:ERL_NIF_API_FUNC_DECL(char*,enif_rwlock_name,(ErlNifRWLock*));
        -:  208:ERL_NIF_API_FUNC_DECL(char*,enif_thread_name,(ErlNifTid));
        -:  209:
        -:  210:ERL_NIF_API_FUNC_DECL(int,enif_vfprintf,(FILE*, const char *fmt, va_list));
        -:  211:ERL_NIF_API_FUNC_DECL(int,enif_vsnprintf,(char*, size_t, const char *fmt, va_list));
        -:  212:
        -:  213:ERL_NIF_API_FUNC_DECL(int,enif_make_map_from_arrays,(ErlNifEnv *env, ERL_NIF_TERM keys[], ERL_NIF_TERM values[], size_t cnt, ERL_NIF_TERM *map_out));
        -:  214:
        -:  215:ERL_NIF_API_FUNC_DECL(int,enif_select_x,(ErlNifEnv* env, ErlNifEvent e, enum ErlNifSelectFlags flags, void* obj, const ErlNifPid* pid, ERL_NIF_TERM msg, ErlNifEnv* msg_env));
        -:  216:ERL_NIF_API_FUNC_DECL(ERL_NIF_TERM,enif_make_monitor_term,(ErlNifEnv* env, const ErlNifMonitor*));
        -:  217:ERL_NIF_API_FUNC_DECL(void,enif_set_pid_undefined,(ErlNifPid* pid));
        -:  218:ERL_NIF_API_FUNC_DECL(int,enif_is_pid_undefined,(const ErlNifPid* pid));
        -:  219:
        -:  220:ERL_NIF_API_FUNC_DECL(ErlNifTermType,enif_term_type,(ErlNifEnv* env, ERL_NIF_TERM term));
        -:  221:ERL_NIF_API_FUNC_DECL(ErlNifResourceType*,enif_init_resource_type,(ErlNifEnv*, const char* name_str, const ErlNifResourceTypeInit*, ErlNifResourceFlags flags, ErlNifResourceFlags* tried));
        -:  222:ERL_NIF_API_FUNC_DECL(int,enif_dynamic_resource_call,(ErlNifEnv*, ERL_NIF_TERM mod, ERL_NIF_TERM name, ERL_NIF_TERM rsrc, void* call_data));
        -:  223:
        -:  224:ERL_NIF_API_FUNC_DECL(int, enif_get_string_length, (ErlNifEnv *env, ERL_NIF_TERM list, unsigned *len, ErlNifCharEncoding encoding));
        -:  225:ERL_NIF_API_FUNC_DECL(int, enif_make_new_atom, (ErlNifEnv *env, const char *name, ERL_NIF_TERM *atom, ErlNifCharEncoding encoding));
        -:  226:ERL_NIF_API_FUNC_DECL(int, enif_make_new_atom_len, (ErlNifEnv *env, const char *name, size_t len, ERL_NIF_TERM *atom, ErlNifCharEncoding encoding));
        -:  227:ERL_NIF_API_FUNC_DECL(int, enif_set_option, (ErlNifEnv *env, ErlNifOption opt, ...));
        -:  228:
        -:  229:/*
        -:  230:** ADD NEW ENTRIES HERE (before this comment) !!!
        -:  231:*/
        -:  232:#endif /* ERL_NIF_API_FUNC_DECL */
        -:  233:
        -:  234:/*
        -:  235:** Please keep the ERL_NIF_API_FUNC_MACRO list below in the same order
        -:  236:** as the ERL_NIF_API_FUNC_DECL list above
        -:  237:*/
        -:  238:#ifdef ERL_NIF_API_FUNC_MACRO
        -:  239:#  define enif_priv_data ERL_NIF_API_FUNC_MACRO(enif_priv_data)
        -:  240:#  define enif_alloc ERL_NIF_API_FUNC_MACRO(enif_alloc)
        -:  241:#  define enif_free ERL_NIF_API_FUNC_MACRO(enif_free)
        -:  242:#  define enif_is_atom ERL_NIF_API_FUNC_MACRO(enif_is_atom)
        -:  243:#  define enif_is_binary ERL_NIF_API_FUNC_MACRO(enif_is_binary)
        -:  244:#  define enif_is_ref ERL_NIF_API_FUNC_MACRO(enif_is_ref)
        -:  245:#  define enif_inspect_binary ERL_NIF_API_FUNC_MACRO(enif_inspect_binary)
        -:  246:#  define enif_alloc_binary ERL_NIF_API_FUNC_MACRO(enif_alloc_binary)
        -:  247:#  define enif_realloc_binary ERL_NIF_API_FUNC_MACRO(enif_realloc_binary)
        -:  248:#  define enif_release_binary ERL_NIF_API_FUNC_MACRO(enif_release_binary)
        -:  249:#  define enif_get_int ERL_NIF_API_FUNC_MACRO(enif_get_int)
        -:  250:#  define enif_get_ulong ERL_NIF_API_FUNC_MACRO(enif_get_ulong)
        -:  251:#  define enif_get_double ERL_NIF_API_FUNC_MACRO(enif_get_double)
        -:  252:#  define enif_get_tuple ERL_NIF_API_FUNC_MACRO(enif_get_tuple)
        -:  253:#  define enif_get_list_cell ERL_NIF_API_FUNC_MACRO(enif_get_list_cell)
        -:  254:#  define enif_is_identical ERL_NIF_API_FUNC_MACRO(enif_is_identical)
        -:  255:#  define enif_compare ERL_NIF_API_FUNC_MACRO(enif_compare)
        -:  256:
        -:  257:#  define enif_make_binary ERL_NIF_API_FUNC_MACRO(enif_make_binary)
        -:  258:#  define enif_make_badarg ERL_NIF_API_FUNC_MACRO(enif_make_badarg)
        -:  259:#  define enif_make_int ERL_NIF_API_FUNC_MACRO(enif_make_int)
        -:  260:#  define enif_make_ulong ERL_NIF_API_FUNC_MACRO(enif_make_ulong)
        -:  261:#  define enif_make_double ERL_NIF_API_FUNC_MACRO(enif_make_double)
        -:  262:#  define enif_make_atom ERL_NIF_API_FUNC_MACRO(enif_make_atom)
        -:  263:#  define enif_make_existing_atom ERL_NIF_API_FUNC_MACRO(enif_make_existing_atom)
        -:  264:#  define enif_make_tuple ERL_NIF_API_FUNC_MACRO(enif_make_tuple)
        -:  265:#  define enif_make_list ERL_NIF_API_FUNC_MACRO(enif_make_list)
        -:  266:#  define enif_make_list_cell ERL_NIF_API_FUNC_MACRO(enif_make_list_cell)
        -:  267:#  define enif_make_string ERL_NIF_API_FUNC_MACRO(enif_make_string)
        -:  268:#  define enif_make_ref ERL_NIF_API_FUNC_MACRO(enif_make_ref)
        -:  269:
        -:  270:#  define enif_mutex_create ERL_NIF_API_FUNC_MACRO(enif_mutex_create) 
        -:  271:#  define enif_mutex_destroy ERL_NIF_API_FUNC_MACRO(enif_mutex_destroy) 
        -:  272:#  define enif_mutex_trylock ERL_NIF_API_FUNC_MACRO(enif_mutex_trylock) 
        -:  273:#  define enif_mutex_lock ERL_NIF_API_FUNC_MACRO(enif_mutex_lock) 
        -:  274:#  define enif_mutex_unlock ERL_NIF_API_FUNC_MACRO(enif_mutex_unlock) 
        -:  275:#  define enif_cond_create ERL_NIF_API_FUNC_MACRO(enif_cond_create) 
        -:  276:#  define enif_cond_destroy ERL_NIF_API_FUNC_MACRO(enif_cond_destroy) 
        -:  277:#  define enif_cond_signal ERL_NIF_API_FUNC_MACRO(enif_cond_signal) 
        -:  278:#  define enif_cond_broadcast ERL_NIF_API_FUNC_MACRO(enif_cond_broadcast) 
        -:  279:#  define enif_cond_wait ERL_NIF_API_FUNC_MACRO(enif_cond_wait) 
        -:  280:#  define enif_rwlock_create ERL_NIF_API_FUNC_MACRO(enif_rwlock_create) 
        -:  281:#  define enif_rwlock_destroy ERL_NIF_API_FUNC_MACRO(enif_rwlock_destroy) 
        -:  282:#  define enif_rwlock_tryrlock ERL_NIF_API_FUNC_MACRO(enif_rwlock_tryrlock) 
        -:  283:#  define enif_rwlock_rlock ERL_NIF_API_FUNC_MACRO(enif_rwlock_rlock) 
        -:  284:#  define enif_rwlock_runlock ERL_NIF_API_FUNC_MACRO(enif_rwlock_runlock) 
        -:  285:#  define enif_rwlock_tryrwlock ERL_NIF_API_FUNC_MACRO(enif_rwlock_tryrwlock) 
        -:  286:#  define enif_rwlock_rwlock ERL_NIF_API_FUNC_MACRO(enif_rwlock_rwlock) 
        -:  287:#  define enif_rwlock_rwunlock ERL_NIF_API_FUNC_MACRO(enif_rwlock_rwunlock) 
        -:  288:#  define enif_tsd_key_create ERL_NIF_API_FUNC_MACRO(enif_tsd_key_create) 
        -:  289:#  define enif_tsd_key_destroy ERL_NIF_API_FUNC_MACRO(enif_tsd_key_destroy) 
        -:  290:#  define enif_tsd_set ERL_NIF_API_FUNC_MACRO(enif_tsd_set) 
        -:  291:#  define enif_tsd_get ERL_NIF_API_FUNC_MACRO(enif_tsd_get) 
        -:  292:#  define enif_thread_opts_create ERL_NIF_API_FUNC_MACRO(enif_thread_opts_create) 
        -:  293:#  define enif_thread_opts_destroy ERL_NIF_API_FUNC_MACRO(enif_thread_opts_destroy) 
        -:  294:#  define enif_thread_create ERL_NIF_API_FUNC_MACRO(enif_thread_create) 
        -:  295:#  define enif_thread_self ERL_NIF_API_FUNC_MACRO(enif_thread_self) 
        -:  296:#  define enif_equal_tids ERL_NIF_API_FUNC_MACRO(enif_equal_tids) 
        -:  297:#  define enif_thread_exit ERL_NIF_API_FUNC_MACRO(enif_thread_exit) 
        -:  298:#  define enif_thread_join ERL_NIF_API_FUNC_MACRO(enif_thread_join) 
        -:  299:
        -:  300:#  define enif_realloc ERL_NIF_API_FUNC_MACRO(enif_realloc) 
        -:  301:#  define enif_system_info ERL_NIF_API_FUNC_MACRO(enif_system_info) 
        -:  302:#  define enif_fprintf ERL_NIF_API_FUNC_MACRO(enif_fprintf) 
        -:  303:#  define enif_inspect_iolist_as_binary ERL_NIF_API_FUNC_MACRO(enif_inspect_iolist_as_binary)
        -:  304:#  define enif_make_sub_binary ERL_NIF_API_FUNC_MACRO(enif_make_sub_binary)
        -:  305:#  define enif_get_string ERL_NIF_API_FUNC_MACRO(enif_get_string)
        -:  306:#  define enif_get_atom ERL_NIF_API_FUNC_MACRO(enif_get_atom)
        -:  307:#  define enif_is_fun ERL_NIF_API_FUNC_MACRO(enif_is_fun)
        -:  308:#  define enif_is_pid ERL_NIF_API_FUNC_MACRO(enif_is_pid)
        -:  309:#  define enif_is_port ERL_NIF_API_FUNC_MACRO(enif_is_port)
        -:  310:#  define enif_get_uint ERL_NIF_API_FUNC_MACRO(enif_get_uint)
        -:  311:#  define enif_get_long ERL_NIF_API_FUNC_MACRO(enif_get_long)
        -:  312:#  define enif_make_uint ERL_NIF_API_FUNC_MACRO(enif_make_uint)
        -:  313:#  define enif_make_long ERL_NIF_API_FUNC_MACRO(enif_make_long)
        -:  314:#  define enif_make_tuple_from_array ERL_NIF_API_FUNC_MACRO(enif_make_tuple_from_array)
        -:  315:#  define enif_make_list_from_array ERL_NIF_API_FUNC_MACRO(enif_make_list_from_array)
        -:  316:#  define enif_is_empty_list ERL_NIF_API_FUNC_MACRO(enif_is_empty_list)
        -:  317:#  define enif_open_resource_type ERL_NIF_API_FUNC_MACRO(enif_open_resource_type)
        -:  318:#  define enif_alloc_resource ERL_NIF_API_FUNC_MACRO(enif_alloc_resource)
        -:  319:#  define enif_release_resource ERL_NIF_API_FUNC_MACRO(enif_release_resource)
        -:  320:#  define enif_make_resource ERL_NIF_API_FUNC_MACRO(enif_make_resource)
        -:  321:#  define enif_get_resource ERL_NIF_API_FUNC_MACRO(enif_get_resource)
        -:  322:#  define enif_sizeof_resource ERL_NIF_API_FUNC_MACRO(enif_sizeof_resource)
        -:  323:#  define enif_make_new_binary ERL_NIF_API_FUNC_MACRO(enif_make_new_binary)
        -:  324:#  define enif_is_list ERL_NIF_API_FUNC_MACRO(enif_is_list)
        -:  325:#  define enif_is_tuple ERL_NIF_API_FUNC_MACRO(enif_is_tuple)
        -:  326:#  define enif_get_atom_length ERL_NIF_API_FUNC_MACRO(enif_get_atom_length)
        -:  327:#  define enif_get_list_length ERL_NIF_API_FUNC_MACRO(enif_get_list_length)
        -:  328:#  define enif_make_atom_len ERL_NIF_API_FUNC_MACRO(enif_make_atom_len)
        -:  329:#  define enif_make_existing_atom_len ERL_NIF_API_FUNC_MACRO(enif_make_existing_atom_len)
        -:  330:#  define enif_make_string_len ERL_NIF_API_FUNC_MACRO(enif_make_string_len)
        -:  331:#  define enif_alloc_env ERL_NIF_API_FUNC_MACRO(enif_alloc_env)
        -:  332:#  define enif_free_env ERL_NIF_API_FUNC_MACRO(enif_free_env)
        -:  333:#  define enif_clear_env ERL_NIF_API_FUNC_MACRO(enif_clear_env)
        -:  334:#  define enif_send ERL_NIF_API_FUNC_MACRO(enif_send)
        -:  335:#  define enif_make_copy ERL_NIF_API_FUNC_MACRO(enif_make_copy)
        -:  336:#  define enif_self ERL_NIF_API_FUNC_MACRO(enif_self)
        -:  337:#  define enif_get_local_pid ERL_NIF_API_FUNC_MACRO(enif_get_local_pid)
        -:  338:#  define enif_keep_resource ERL_NIF_API_FUNC_MACRO(enif_keep_resource)
        -:  339:#  define enif_make_resource_binary ERL_NIF_API_FUNC_MACRO(enif_make_resource_binary)
        -:  340:#if  SIZEOF_LONG != 8
        -:  341:#  define enif_get_int64 ERL_NIF_API_FUNC_MACRO(enif_get_int64)
        -:  342:#  define enif_get_uint64 ERL_NIF_API_FUNC_MACRO(enif_get_uint64)
        -:  343:#  define enif_make_int64 ERL_NIF_API_FUNC_MACRO(enif_make_int64)
        -:  344:#  define enif_make_uint64 ERL_NIF_API_FUNC_MACRO(enif_make_uint64)
        -:  345:#endif
        -:  346:#  define enif_is_exception ERL_NIF_API_FUNC_MACRO(enif_is_exception)
        -:  347:#  define enif_make_reverse_list ERL_NIF_API_FUNC_MACRO(enif_make_reverse_list)
        -:  348:#  define enif_is_number ERL_NIF_API_FUNC_MACRO(enif_is_number)
        -:  349:#  define enif_dlopen ERL_NIF_API_FUNC_MACRO(enif_dlopen)
        -:  350:#  define enif_dlsym ERL_NIF_API_FUNC_MACRO(enif_dlsym)
        -:  351:#  define enif_consume_timeslice ERL_NIF_API_FUNC_MACRO(enif_consume_timeslice)
        -:  352:#  define enif_is_map ERL_NIF_API_FUNC_MACRO(enif_is_map)
        -:  353:#  define enif_get_map_size ERL_NIF_API_FUNC_MACRO(enif_get_map_size)
        -:  354:#  define enif_make_new_map ERL_NIF_API_FUNC_MACRO(enif_make_new_map)
        -:  355:#  define enif_make_map_put ERL_NIF_API_FUNC_MACRO(enif_make_map_put)
        -:  356:#  define enif_get_map_value ERL_NIF_API_FUNC_MACRO(enif_get_map_value)
        -:  357:#  define enif_make_map_update ERL_NIF_API_FUNC_MACRO(enif_make_map_update)
        -:  358:#  define enif_make_map_remove ERL_NIF_API_FUNC_MACRO(enif_make_map_remove)
        -:  359:#  define enif_map_iterator_create ERL_NIF_API_FUNC_MACRO(enif_map_iterator_create)
        -:  360:#  define enif_map_iterator_destroy ERL_NIF_API_FUNC_MACRO(enif_map_iterator_destroy)
        -:  361:#  define enif_map_iterator_is_head ERL_NIF_API_FUNC_MACRO(enif_map_iterator_is_head)
        -:  362:#  define enif_map_iterator_is_tail ERL_NIF_API_FUNC_MACRO(enif_map_iterator_is_tail)
        -:  363:#  define enif_map_iterator_next ERL_NIF_API_FUNC_MACRO(enif_map_iterator_next)
        -:  364:#  define enif_map_iterator_prev ERL_NIF_API_FUNC_MACRO(enif_map_iterator_prev)
        -:  365:#  define enif_map_iterator_get_pair ERL_NIF_API_FUNC_MACRO(enif_map_iterator_get_pair)
        -:  366:#  define enif_schedule_nif ERL_NIF_API_FUNC_MACRO(enif_schedule_nif)
        -:  367:#  define enif_has_pending_exception ERL_NIF_API_FUNC_MACRO(enif_has_pending_exception)
        -:  368:#  define enif_raise_exception ERL_NIF_API_FUNC_MACRO(enif_raise_exception)
        -:  369:#  define enif_getenv ERL_NIF_API_FUNC_MACRO(enif_getenv)
        -:  370:#  define enif_monotonic_time ERL_NIF_API_FUNC_MACRO(enif_monotonic_time)
        -:  371:#  define enif_time_offset ERL_NIF_API_FUNC_MACRO(enif_time_offset)
        -:  372:#  define enif_convert_time_unit ERL_NIF_API_FUNC_MACRO(enif_convert_time_unit)
        -:  373:#  define enif_now_time ERL_NIF_API_FUNC_MACRO(enif_now_time)
        -:  374:#  define enif_cpu_time ERL_NIF_API_FUNC_MACRO(enif_cpu_time)
        -:  375:#  define enif_make_unique_integer ERL_NIF_API_FUNC_MACRO(enif_make_unique_integer)
        -:  376:#  define enif_is_current_process_alive ERL_NIF_API_FUNC_MACRO(enif_is_current_process_alive)
        -:  377:#  define enif_is_process_alive ERL_NIF_API_FUNC_MACRO(enif_is_process_alive)
        -:  378:#  define enif_is_port_alive ERL_NIF_API_FUNC_MACRO(enif_is_port_alive)
        -:  379:#  define enif_get_local_port ERL_NIF_API_FUNC_MACRO(enif_get_local_port)
        -:  380:#  define enif_term_to_binary ERL_NIF_API_FUNC_MACRO(enif_term_to_binary)
        -:  381:#  define enif_binary_to_term ERL_NIF_API_FUNC_MACRO(enif_binary_to_term)
        -:  382:#  define enif_port_command ERL_NIF_API_FUNC_MACRO(enif_port_command)
        -:  383:#  define enif_thread_type ERL_NIF_API_FUNC_MACRO(enif_thread_type)
        -:  384:#  define enif_snprintf ERL_NIF_API_FUNC_MACRO(enif_snprintf)
        -:  385:#  define enif_select ERL_NIF_API_FUNC_MACRO(enif_select)
        -:  386:#  define enif_open_resource_type_x ERL_NIF_API_FUNC_MACRO(enif_open_resource_type_x)
        -:  387:#  define enif_monitor_process ERL_NIF_API_FUNC_MACRO(enif_monitor_process)
        -:  388:#  define enif_demonitor_process ERL_NIF_API_FUNC_MACRO(enif_demonitor_process)
        -:  389:#  define enif_compare_monitors ERL_NIF_API_FUNC_MACRO(enif_compare_monitors)
        -:  390:#  define enif_hash ERL_NIF_API_FUNC_MACRO(enif_hash)
        -:  391:#  define enif_whereis_pid ERL_NIF_API_FUNC_MACRO(enif_whereis_pid)
        -:  392:#  define enif_whereis_port ERL_NIF_API_FUNC_MACRO(enif_whereis_port)
        -:  393:#  define enif_ioq_create ERL_NIF_API_FUNC_MACRO(enif_ioq_create)
        -:  394:#  define enif_ioq_destroy ERL_NIF_API_FUNC_MACRO(enif_ioq_destroy)
        -:  395:#  define enif_ioq_enq ERL_NIF_API_FUNC_MACRO(enif_ioq_enq)
        -:  396:#  define enif_ioq_enq_binary ERL_NIF_API_FUNC_MACRO(enif_ioq_enq_binary)
        -:  397:#  define enif_ioq_enqv ERL_NIF_API_FUNC_MACRO(enif_ioq_enqv)
        -:  398:#  define enif_ioq_size ERL_NIF_API_FUNC_MACRO(enif_ioq_size)
        -:  399:#  define enif_ioq_deq ERL_NIF_API_FUNC_MACRO(enif_ioq_deq)
        -:  400:#  define enif_ioq_peek ERL_NIF_API_FUNC_MACRO(enif_ioq_peek)
        -:  401:#  define enif_inspect_iovec ERL_NIF_API_FUNC_MACRO(enif_inspect_iovec)
        -:  402:#  define enif_free_iovec ERL_NIF_API_FUNC_MACRO(enif_free_iovec)
        -:  403:#  define enif_ioq_peek_head ERL_NIF_API_FUNC_MACRO(enif_ioq_peek_head)
        -:  404:#  define enif_mutex_name ERL_NIF_API_FUNC_MACRO(enif_mutex_name)
        -:  405:#  define enif_cond_name ERL_NIF_API_FUNC_MACRO(enif_cond_name)
        -:  406:#  define enif_rwlock_name ERL_NIF_API_FUNC_MACRO(enif_rwlock_name)
        -:  407:#  define enif_thread_name ERL_NIF_API_FUNC_MACRO(enif_thread_name)
        -:  408:#  define enif_vfprintf ERL_NIF_API_FUNC_MACRO(enif_vfprintf)
        -:  409:#  define enif_vsnprintf ERL_NIF_API_FUNC_MACRO(enif_vsnprintf)
        -:  410:#  define enif_make_map_from_arrays ERL_NIF_API_FUNC_MACRO(enif_make_map_from_arrays)
        -:  411:#  define enif_select_x ERL_NIF_API_FUNC_MACRO(enif_select_x)
        -:  412:#  define enif_make_monitor_term ERL_NIF_API_FUNC_MACRO(enif_make_monitor_term)
        -:  413:#  define enif_set_pid_undefined ERL_NIF_API_FUNC_MACRO(enif_set_pid_undefined)
        -:  414:#  define enif_is_pid_undefined ERL_NIF_API_FUNC_MACRO(enif_is_pid_undefined)
        -:  415:#  define enif_term_type ERL_NIF_API_FUNC_MACRO(enif_term_type)
        -:  416:#  define enif_init_resource_type ERL_NIF_API_FUNC_MACRO(enif_init_resource_type)
        -:  417:#  define enif_dynamic_resource_call ERL_NIF_API_FUNC_MACRO(enif_dynamic_resource_call)
        -:  418:#  define enif_get_string_length ERL_NIF_API_FUNC_MACRO(enif_get_string_length)
        -:  419:#  define enif_make_new_atom ERL_NIF_API_FUNC_MACRO(enif_make_new_atom)
        -:  420:#  define enif_make_new_atom_len ERL_NIF_API_FUNC_MACRO(enif_make_new_atom_len)
        -:  421:#  define enif_set_option ERL_NIF_API_FUNC_MACRO(enif_set_option)
        -:  422:/*
        -:  423:** ADD NEW ENTRIES HERE (before this comment)
        -:  424:*/
        -:  425:
        -:  426:/*
        -:  427: * Conditional EXPERIMENTAL stuff always last
        -:  428: * Must be moved up and made unconditional to support binary backward
        -:  429: * compatibility on Windows.
        -:  430: */
        -:  431:#endif  /* ERL_NIF_API_FUNC_MACRO */
        -:  432:
        -:  433:
        -:  434:#if defined(__GNUC__) && !(defined(__WIN32__) || defined(_WIN32) || defined(_WIN32_))
        -:  435:
        -:  436:/* Inline functions for compile time type checking of arguments to
        -:  437:   variadic functions.
        -:  438:*/
        -:  439:
        -:  440:#  define ERL_NIF_INLINE __inline__
        -:  441:
        -:  442:static ERL_NIF_INLINE ERL_NIF_TERM enif_make_tuple1(ErlNifEnv* env,
        -:  443:						    ERL_NIF_TERM e1)
        -:  444:{
        -:  445:    return enif_make_tuple(env, 1, e1);
        -:  446:}
        -:  447:
      420:  448:static ERL_NIF_INLINE ERL_NIF_TERM enif_make_tuple2(ErlNifEnv* env,
        -:  449:						    ERL_NIF_TERM e1,
        -:  450:						    ERL_NIF_TERM e2)
        -:  451:{
      420:  452:    return enif_make_tuple(env, 2, e1, e2);
        -:  453:}
        -:  454:
      212:  455:static ERL_NIF_INLINE ERL_NIF_TERM enif_make_tuple3(ErlNifEnv* env,
        -:  456:						    ERL_NIF_TERM e1,
        -:  457:						    ERL_NIF_TERM e2,
        -:  458:						    ERL_NIF_TERM e3)
        -:  459:{
      212:  460:    return enif_make_tuple(env, 3, e1, e2, e3);
        -:  461:}
        -:  462:
        -:  463:static ERL_NIF_INLINE ERL_NIF_TERM enif_make_tuple4(ErlNifEnv* env,
        -:  464:						    ERL_NIF_TERM e1,
        -:  465:						    ERL_NIF_TERM e2,
        -:  466:						    ERL_NIF_TERM e3,
        -:  467:						    ERL_NIF_TERM e4)
        -:  468:{
        -:  469:    return enif_make_tuple(env, 4, e1, e2, e3, e4);
        -:  470:}
        -:  471:
        -:  472:static ERL_NIF_INLINE ERL_NIF_TERM enif_make_tuple5(ErlNifEnv* env,
        -:  473:						    ERL_NIF_TERM e1,
        -:  474:						    ERL_NIF_TERM e2,
        -:  475:						    ERL_NIF_TERM e3,
        -:  476:						    ERL_NIF_TERM e4,
        -:  477:						    ERL_NIF_TERM e5)
        -:  478:{
        -:  479:    return enif_make_tuple(env, 5, e1, e2, e3, e4, e5);
        -:  480:}
        -:  481:
        -:  482:static ERL_NIF_INLINE ERL_NIF_TERM enif_make_tuple6(ErlNifEnv* env,
        -:  483:						    ERL_NIF_TERM e1,
        -:  484:						    ERL_NIF_TERM e2,
        -:  485:						    ERL_NIF_TERM e3,
        -:  486:						    ERL_NIF_TERM e4,
        -:  487:						    ERL_NIF_TERM e5,
        -:  488:						    ERL_NIF_TERM e6)
        -:  489:{
        -:  490:    return enif_make_tuple(env, 6, e1, e2, e3, e4, e5, e6);
        -:  491:}
        -:  492:
        -:  493:static ERL_NIF_INLINE ERL_NIF_TERM enif_make_tuple7(ErlNifEnv* env,
        -:  494:						    ERL_NIF_TERM e1,
        -:  495:						    ERL_NIF_TERM e2,
        -:  496:						    ERL_NIF_TERM e3,
        -:  497:						    ERL_NIF_TERM e4,
        -:  498:						    ERL_NIF_TERM e5,
        -:  499:						    ERL_NIF_TERM e6,
        -:  500:						    ERL_NIF_TERM e7)
        -:  501:{
        -:  502:    return enif_make_tuple(env, 7, e1, e2, e3, e4, e5, e6, e7);
        -:  503:}
        -:  504:
        -:  505:static ERL_NIF_INLINE ERL_NIF_TERM enif_make_tuple8(ErlNifEnv* env,
        -:  506:						    ERL_NIF_TERM e1,
        -:  507:						    ERL_NIF_TERM e2,
        -:  508:						    ERL_NIF_TERM e3,
        -:  509:						    ERL_NIF_TERM e4,
        -:  510:						    ERL_NIF_TERM e5,
        -:  511:						    ERL_NIF_TERM e6,
        -:  512:						    ERL_NIF_TERM e7,
        -:  513:						    ERL_NIF_TERM e8)
        -:  514:{
        -:  515:    return enif_make_tuple(env, 8, e1, e2, e3, e4, e5, e6, e7, e8);
        -:  516:}
        -:  517:
        -:  518:static ERL_NIF_INLINE ERL_NIF_TERM enif_make_tuple9(ErlNifEnv* env,
        -:  519:						    ERL_NIF_TERM e1,
        -:  520:						    ERL_NIF_TERM e2,
        -:  521:						    ERL_NIF_TERM e3,
        -:  522:						    ERL_NIF_TERM e4,
        -:  523:						    ERL_NIF_TERM e5,
        -:  524:						    ERL_NIF_TERM e6,
        -:  525:						    ERL_NIF_TERM e7,
        -:  526:						    ERL_NIF_TERM e8,
        -:  527:						    ERL_NIF_TERM e9)
        -:  528:{
        -:  529:    return enif_make_tuple(env, 9, e1, e2, e3, e4, e5, e6, e7, e8, e9);
        -:  530:}
        -:  531:
        -:  532:static ERL_NIF_INLINE ERL_NIF_TERM enif_make_list1(ErlNifEnv* env,
        -:  533:						   ERL_NIF_TERM e1)
        -:  534:{
        -:  535:    return enif_make_list(env, 1, e1);
        -:  536:}
        -:  537:
        -:  538:static ERL_NIF_INLINE ERL_NIF_TERM enif_make_list2(ErlNifEnv* env,
        -:  539:						   ERL_NIF_TERM e1,
        -:  540:						   ERL_NIF_TERM e2)
        -:  541:{
        -:  542:    return enif_make_list(env, 2, e1, e2);
        -:  543:}
        -:  544:
        -:  545:static ERL_NIF_INLINE ERL_NIF_TERM enif_make_list3(ErlNifEnv* env,
        -:  546:						   ERL_NIF_TERM e1,
        -:  547:						   ERL_NIF_TERM e2,
        -:  548:						   ERL_NIF_TERM e3)
        -:  549:{
        -:  550:    return enif_make_list(env, 3, e1, e2, e3);
        -:  551:}
        -:  552:
        -:  553:static ERL_NIF_INLINE ERL_NIF_TERM enif_make_list4(ErlNifEnv* env,
        -:  554:						   ERL_NIF_TERM e1,
        -:  555:						   ERL_NIF_TERM e2,
        -:  556:						   ERL_NIF_TERM e3,
        -:  557:						   ERL_NIF_TERM e4)
        -:  558:{
        -:  559:    return enif_make_list(env, 4, e1, e2, e3, e4);
        -:  560:}
        -:  561:
        -:  562:static ERL_NIF_INLINE ERL_NIF_TERM enif_make_list5(ErlNifEnv* env,
        -:  563:						   ERL_NIF_TERM e1,
        -:  564:						   ERL_NIF_TERM e2,
        -:  565:						   ERL_NIF_TERM e3,
        -:  566:						   ERL_NIF_TERM e4,
        -:  567:						   ERL_NIF_TERM e5)
        -:  568:{
        -:  569:    return enif_make_list(env, 5, e1, e2, e3, e4, e5);
        -:  570:}
        -:  571:
        -:  572:static ERL_NIF_INLINE ERL_NIF_TERM enif_make_list6(ErlNifEnv* env,
        -:  573:						   ERL_NIF_TERM e1,
        -:  574:						   ERL_NIF_TERM e2,
        -:  575:						   ERL_NIF_TERM e3,
        -:  576:						   ERL_NIF_TERM e4,
        -:  577:						   ERL_NIF_TERM e5,
        -:  578:						   ERL_NIF_TERM e6)
        -:  579:{
        -:  580:    return enif_make_list(env, 6, e1, e2, e3, e4, e5, e6);
        -:  581:}
        -:  582:
        -:  583:static ERL_NIF_INLINE ERL_NIF_TERM enif_make_list7(ErlNifEnv* env,
        -:  584:						   ERL_NIF_TERM e1,
        -:  585:						   ERL_NIF_TERM e2,
        -:  586:						   ERL_NIF_TERM e3,
        -:  587:						   ERL_NIF_TERM e4,
        -:  588:						   ERL_NIF_TERM e5,
        -:  589:						   ERL_NIF_TERM e6,
        -:  590:						   ERL_NIF_TERM e7)
        -:  591:{
        -:  592:    return enif_make_list(env, 7, e1, e2, e3, e4, e5, e6, e7);
        -:  593:}
        -:  594:
        -:  595:static ERL_NIF_INLINE ERL_NIF_TERM enif_make_list8(ErlNifEnv* env,
        -:  596:						   ERL_NIF_TERM e1,
        -:  597:						   ERL_NIF_TERM e2,
        -:  598:						   ERL_NIF_TERM e3,
        -:  599:						   ERL_NIF_TERM e4,
        -:  600:						   ERL_NIF_TERM e5,
        -:  601:						   ERL_NIF_TERM e6,
        -:  602:						   ERL_NIF_TERM e7,
        -:  603:						   ERL_NIF_TERM e8)
        -:  604:{
        -:  605:    return enif_make_list(env, 8, e1, e2, e3, e4, e5, e6, e7, e8);
        -:  606:}
        -:  607:
        -:  608:static ERL_NIF_INLINE ERL_NIF_TERM enif_make_list9(ErlNifEnv* env,
        -:  609:						   ERL_NIF_TERM e1,
        -:  610:						   ERL_NIF_TERM e2,
        -:  611:						   ERL_NIF_TERM e3,
        -:  612:						   ERL_NIF_TERM e4,
        -:  613:						   ERL_NIF_TERM e5,
        -:  614:						   ERL_NIF_TERM e6,
        -:  615:						   ERL_NIF_TERM e7,
        -:  616:						   ERL_NIF_TERM e8,
        -:  617:						   ERL_NIF_TERM e9)
        -:  618:{
        -:  619:    return enif_make_list(env, 9, e1, e2, e3, e4, e5, e6, e7, e8, e9);
        -:  620:}
        -:  621:
        -:  622:#  undef ERL_NIF_INLINE
        -:  623:
        -:  624:#else /* fallback with macros */
        -:  625:
        -:  626:#ifndef enif_make_list1
        -:  627:#  define enif_make_list1(ENV,E1) enif_make_list(ENV,1,E1)
        -:  628:#  define enif_make_list2(ENV,E1,E2) enif_make_list(ENV,2,E1,E2)
        -:  629:#  define enif_make_list3(ENV,E1,E2,E3) enif_make_list(ENV,3,E1,E2,E3)
        -:  630:#  define enif_make_list4(ENV,E1,E2,E3,E4) enif_make_list(ENV,4,E1,E2,E3,E4)
        -:  631:#  define enif_make_list5(ENV,E1,E2,E3,E4,E5) enif_make_list(ENV,5,E1,E2,E3,E4,E5)
        -:  632:#  define enif_make_list6(ENV,E1,E2,E3,E4,E5,E6) enif_make_list(ENV,6,E1,E2,E3,E4,E5,E6)
        -:  633:#  define enif_make_list7(ENV,E1,E2,E3,E4,E5,E6,E7) enif_make_list(ENV,7,E1,E2,E3,E4,E5,E6,E7)
        -:  634:#  define enif_make_list8(ENV,E1,E2,E3,E4,E5,E6,E7,E8) enif_make_list(ENV,8,E1,E2,E3,E4,E5,E6,E7,E8)
        -:  635:#  define enif_make_list9(ENV,E1,E2,E3,E4,E5,E6,E7,E8,E9) enif_make_list(ENV,9,E1,E2,E3,E4,E5,E6,E7,E8,E9)
        -:  636:#  define enif_make_tuple1(ENV,E1) enif_make_tuple(ENV,1,E1)
        -:  637:#  define enif_make_tuple2(ENV,E1,E2) enif_make_tuple(ENV,2,E1,E2)
        -:  638:#  define enif_make_tuple3(ENV,E1,E2,E3) enif_make_tuple(ENV,3,E1,E2,E3)
        -:  639:#  define enif_make_tuple4(ENV,E1,E2,E3,E4) enif_make_tuple(ENV,4,E1,E2,E3,E4)
        -:  640:#  define enif_make_tuple5(ENV,E1,E2,E3,E4,E5) enif_make_tuple(ENV,5,E1,E2,E3,E4,E5)
        -:  641:#  define enif_make_tuple6(ENV,E1,E2,E3,E4,E5,E6) enif_make_tuple(ENV,6,E1,E2,E3,E4,E5,E6)
        -:  642:#  define enif_make_tuple7(ENV,E1,E2,E3,E4,E5,E6,E7) enif_make_tuple(ENV,7,E1,E2,E3,E4,E5,E6,E7)
        -:  643:#  define enif_make_tuple8(ENV,E1,E2,E3,E4,E5,E6,E7,E8) enif_make_tuple(ENV,8,E1,E2,E3,E4,E5,E6,E7,E8)
        -:  644:#  define enif_make_tuple9(ENV,E1,E2,E3,E4,E5,E6,E7,E8,E9) enif_make_tuple(ENV,9,E1,E2,E3,E4,E5,E6,E7,E8,E9)
        -:  645:#endif
        -:  646:
        -:  647:#endif /* __GNUC__ && !WIN32 */
        -:  648:
        -:  649:#ifndef enif_make_pid
        -:  650:
        -:  651:#  define enif_make_pid(ENV, PID) ((void)(ENV),(const ERL_NIF_TERM)((PID)->pid))
        -:  652:#  define enif_compare_pids(A, B) (enif_compare((A)->pid,(B)->pid))
        -:  653:#  define enif_select_read(ENV, E, OBJ, PID, MSG, MSG_ENV) \
        -:  654:    enif_select_x(ENV, E, (enum ErlNifSelectFlags)(ERL_NIF_SELECT_READ | ERL_NIF_SELECT_CUSTOM_MSG), \
        -:  655:                  OBJ, PID, MSG, MSG_ENV)
        -:  656:#  define enif_select_write(ENV, E, OBJ, PID, MSG, MSG_ENV) \
        -:  657:    enif_select_x(ENV, E, (enum ErlNifSelectFlags)(ERL_NIF_SELECT_WRITE | ERL_NIF_SELECT_CUSTOM_MSG), \
        -:  658:                  OBJ, PID, MSG, MSG_ENV)
        -:  659:#  define enif_select_error(ENV, E, OBJ, PID, MSG, MSG_ENV) \
        -:  660:    enif_select_x(ENV, E, (enum ErlNifSelectFlags)(ERL_NIF_SELECT_ERROR | ERL_NIF_SELECT_CUSTOM_MSG), \
        -:  661:                  OBJ, PID, MSG, MSG_ENV)
        -:  662:
        -:  663:#if SIZEOF_LONG == 8
        -:  664:#  define enif_get_int64 enif_get_long
        -:  665:#  define enif_get_uint64 enif_get_ulong
        -:  666:#  define enif_make_int64 enif_make_long
        -:  667:#  define enif_make_uint64 enif_make_ulong
        -:  668:#endif
        -:  669:
        -:  670:#endif
        -:  671:
