        -:    0:Source:c_src/fdb_nif.c
        -:    0:Graph:priv/fdb_nif_coverage.so-fdb_nif.gcno
        -:    0:Data:priv/fdb_nif_coverage.so-fdb_nif.gcda
        -:    0:Runs:4
        -:    0:Programs:1
        -:    1:/* A thin erlang nif wrapper around the fdb c api
        -:    2: * https://apple.github.io/foundationdb/api-c.html
        -:    3: */
        -:    4:
        -:    5:#define FDB_API_VERSION 730
        -:    6:
        -:    7:#include "erl_nif.h"
        -:    8:#include "foundationdb/fdb_c.h"
        -:    9:#include "stdio.h"
        -:   10:#include "string.h"
        -:   11:
        -:   12:#define VERIFY_ARGV(A, M)                                                      \
        -:   13:  if (!(A)) {                                                                  \
        -:   14:    ERL_NIF_TERM reason = string_to_binary(env, "Invalid argument: " M);       \
        -:   15:    return enif_raise_exception(env, reason);                                  \
        -:   16:  }
        -:   17:
        -:   18:#define VERIFY(A, M)                                                           \
        -:   19:  if (!(A)) {                                                                  \
        -:   20:    ERL_NIF_TERM reason = string_to_binary(env, "Failed to " M);               \
        -:   21:    return enif_raise_exception(env, reason);                                  \
        -:   22:  }
        -:   23:
        -:   24:#ifdef FDB_DEBUG
        -:   25:#define DEBUG_LOG(string) fprintf(stderr, "%s\n", string)
        -:   26:#else
        -:   27:#define DEBUG_LOG(string)
        -:   28:#endif
        -:   29:
        -:   30:static ERL_NIF_TERM
       52:   31:string_to_binary(ErlNifEnv *env, const char *string) {
        -:   32:  ErlNifBinary binary;
        -:   33:
       52:   34:  enif_alloc_binary(strlen(string), &binary);
       52:   35:  memcpy(binary.data, string, strlen(string));
       52:   36:  return enif_make_binary(env, &binary);
        -:   37:}
        -:   38:
        -:   39:ERL_NIF_TERM
      392:   40:make_atom(ErlNifEnv *env, const char *atom) {
        -:   41:  ERL_NIF_TERM ret;
        -:   42:
      392:   43:  if (!enif_make_existing_atom(env, atom, &ret, ERL_NIF_LATIN1)) {
    #####:   44:    return enif_make_atom(env, atom);
        -:   45:  }
        -:   46:
      392:   47:  return ret;
      392:   48:}
        -:   49:
        -:   50:#define OPTION_SUCCESS 0xFFFF
        -:   51:
        -:   52:typedef struct {
        -:   53:  int code;
        -:   54:  uint8_t const *value;
        -:   55:  int size;
        -:   56:} Option;
        -:   57:
        -:   58:static ERL_NIF_TERM
       36:   59:option_inspect(ErlNifEnv *env, int i, int argc, const ERL_NIF_TERM argv[],
        -:   60:               Option *option) {
        -:   61:  ErlNifBinary binary_value;
       36:   62:  option->size = 0;
       36:   63:  option->value = NULL;
       36:   64:  VERIFY_ARGV(enif_get_int(env, argv[i], &option->code), "option");
        -:   65:
       36:   66:  if (argc == i + 2) {
       20:   67:    VERIFY_ARGV(enif_inspect_binary(env, argv[i + 1], &binary_value), "value");
       20:   68:    enif_inspect_binary(env, argv[i + 1], &binary_value);
       20:   69:    option->value = binary_value.data;
       20:   70:    option->size = binary_value.size;
       20:   71:  }
       36:   72:  return OPTION_SUCCESS;
       36:   73:}
        -:   74:
        -:   75:static ERL_NIF_TERM
    #####:   76:get_max_api_version(ErlNifEnv *env, int argc, const ERL_NIF_TERM argv[]) {
    #####:   77:  return enif_make_int(env, fdb_get_max_api_version());
        -:   78:}
        -:   79:
        -:   80:static ERL_NIF_TERM
        4:   81:select_api_version_impl(ErlNifEnv *env, int argc, const ERL_NIF_TERM argv[]) {
        -:   82:  int runtime_version;
        -:   83:  int header_version;
        -:   84:  fdb_error_t error;
        -:   85:
        4:   86:  VERIFY_ARGV(enif_get_int(env, argv[0], &runtime_version), "runtime_version");
        4:   87:  VERIFY_ARGV(enif_get_int(env, argv[1], &header_version), "header_version");
        -:   88:
        4:   89:  error = fdb_select_api_version_impl(runtime_version, header_version);
        4:   90:  return enif_make_int(env, error);
        4:   91:}
        -:   92:
        -:   93:static ERL_NIF_TERM
       20:   94:network_set_option(ErlNifEnv *env, int argc, const ERL_NIF_TERM argv[]) {
        -:   95:  Option option;
        -:   96:  ERL_NIF_TERM option_status;
        -:   97:  fdb_error_t error;
        -:   98:
       20:   99:  option_status = option_inspect(env, 0, argc, argv, &option);
       20:  100:  if (option_status != OPTION_SUCCESS) {
    #####:  101:    return option_status;
        -:  102:  }
        -:  103:
       20:  104:  error = fdb_network_set_option(option.code, option.value, option.size);
       20:  105:  return enif_make_int(env, error);
       20:  106:}
        -:  107:
        -:  108:static ERL_NIF_TERM
        4:  109:setup_network(ErlNifEnv *env, int argc, const ERL_NIF_TERM argv[]) {
        4:  110:  return enif_make_int(env, fdb_setup_network());
        -:  111:}
        -:  112:
        -:  113:static void *
        4:  114:run_network_wrapper(void *argv) {
        4:  115:  fdb_run_network();
        4:  116:  return NULL;
        -:  117:}
        -:  118:
        -:  119:static ErlNifTid *fdb_network_tid = NULL;
        -:  120:
        -:  121:static ERL_NIF_TERM
        4:  122:run_network(ErlNifEnv *env, int argc, const ERL_NIF_TERM argv[]) {
        4:  123:  char *name = "fdb";
        4:  124:  fdb_network_tid = enif_alloc(sizeof(ErlNifTid));
        4:  125:  VERIFY(fdb_network_tid, "alloc");
        8:  126:  return enif_make_int(env,
        4:  127:                       enif_thread_create(name, fdb_network_tid,
        -:  128:                                          &run_network_wrapper, NULL, NULL));
        4:  129:}
        -:  130:
        -:  131:static ERL_NIF_TERM
        4:  132:stop_network(ErlNifEnv *env, int argc, const ERL_NIF_TERM argv[]) {
        4:  133:  fdb_error_t error = fdb_stop_network();
        4:  134:  if (error) {
    #####:  135:    return enif_make_int(env, error);
        -:  136:  }
        4:  137:  return enif_make_int(env, enif_thread_join(*fdb_network_tid, NULL));
        4:  138:}
        -:  139:
        -:  140:static ERL_NIF_TERM
       40:  141:get_error(ErlNifEnv *env, int argc, const ERL_NIF_TERM argv[]) {
        -:  142:  int code;
       40:  143:  VERIFY_ARGV(enif_get_int(env, argv[0], &code), "code");
       40:  144:  return string_to_binary(env, fdb_get_error(code));
       40:  145:}
        -:  146:
        -:  147:static ERL_NIF_TERM
       12:  148:get_error_predicate(ErlNifEnv *env, int argc, const ERL_NIF_TERM argv[]) {
        -:  149:  int predicate_test;
        -:  150:  int code;
        -:  151:  fdb_bool_t retryable;
       12:  152:  VERIFY_ARGV(enif_get_int(env, argv[0], &predicate_test), "predicate_test");
       12:  153:  VERIFY_ARGV(enif_get_int(env, argv[1], &code), "code");
       12:  154:  retryable = fdb_error_predicate(predicate_test, code);
       12:  155:  if (retryable) {
        4:  156:    return make_atom(env, "true");
        -:  157:  } else {
        8:  158:    return make_atom(env, "false");
        -:  159:  }
       12:  160:}
        -:  161:
        -:  162:typedef enum { RESOURCE } ReferenceType;
        -:  163:
        -:  164:typedef struct Reference {
        -:  165:  ReferenceType type;
        -:  166:  void *ptr;
        -:  167:  struct Reference *next;
        -:  168:} Reference;
        -:  169:
        -:  170:static Reference *
      432:  171:reference_resource_create(void *resource, Reference *previous) {
      432:  172:  Reference *reference = enif_alloc(sizeof(Reference));
      432:  173:  enif_keep_resource(resource);
      432:  174:  reference->type = RESOURCE;
      432:  175:  reference->ptr = resource;
      432:  176:  reference->next = NULL;
      432:  177:  if (previous) {
    #####:  178:    previous->next = reference;
    #####:  179:  }
      432:  180:  return reference;
        -:  181:}
        -:  182:
        -:  183:static void
      864:  184:reference_destroy_all(Reference *reference) {
      864:  185:  if (reference) {
      432:  186:    Reference *next = reference->next;
      432:  187:    if (reference->type == RESOURCE) {
      432:  188:      enif_release_resource(reference->ptr);
      432:  189:    }
      432:  190:    enif_free(reference);
      432:  191:    reference_destroy_all(next);
      432:  192:  }
      864:  193:}
        -:  194:
        -:  195:static ErlNifResourceType *TRANSACTION_RESOURCE_TYPE;
        -:  196:typedef struct {
        -:  197:  FDBTransaction *handle;
        -:  198:  Reference *reference;
        -:  199:} Transaction;
        -:  200:
        -:  201:typedef enum {
        -:  202:  VALUE,
        -:  203:  COMMIT,
        -:  204:  KEYVALUE_ARRAY,
        -:  205:  INT64,
        -:  206:  KEY,
        -:  207:  STRING_ARRAY,
        -:  208:  WATCH,
        -:  209:  ERROR,
        -:  210:  KEY_ARRAY
        -:  211:} FutureType;
        -:  212:
        -:  213:static ErlNifResourceType *FUTURE_RESOURCE_TYPE;
        -:  214:typedef struct {
        -:  215:  FDBFuture *handle;
        -:  216:  FutureType type;
        -:  217:  Reference *reference;
        -:  218:  void *context;
        -:  219:} Future;
        -:  220:
        -:  221:static void
      216:  222:future_destroy(ErlNifEnv *env, void *object) {
      216:  223:  Future *future = (Future *)object;
      216:  224:  fdb_future_destroy(future->handle);
      216:  225:  reference_destroy_all(future->reference);
      216:  226:}
        -:  227:
        -:  228:static ERL_NIF_TERM
      216:  229:fdb_future_to_future(ErlNifEnv *env, FDBFuture *fdb_future, FutureType type,
        -:  230:                     Reference *reference, void *context) {
        -:  231:  ERL_NIF_TERM term;
      216:  232:  Future *future = enif_alloc_resource(FUTURE_RESOURCE_TYPE, sizeof(Future));
      216:  233:  future->handle = fdb_future;
      216:  234:  future->type = type;
      216:  235:  future->reference = reference;
      216:  236:  future->context = context;
      216:  237:  term = enif_make_resource(env, future);
      216:  238:  enif_release_resource(future);
      216:  239:  return term;
        -:  240:}
        -:  241:
        -:  242:static ErlNifResourceType *DATABASE_RESOURCE_TYPE;
        -:  243:typedef struct {
        -:  244:  FDBDatabase *handle;
        -:  245:} Database;
        -:  246:
        -:  247:static void
      200:  248:database_destroy(ErlNifEnv *env, void *object) {
      200:  249:  Database *database = (Database *)object;
      200:  250:  fdb_database_destroy(database->handle);
      200:  251:}
        -:  252:
        -:  253:static ERL_NIF_TERM
      200:  254:fdb_database_to_database(ErlNifEnv *env, FDBDatabase *fdb_database) {
        -:  255:  ERL_NIF_TERM term;
      200:  256:  Database *database =
      200:  257:      enif_alloc_resource(DATABASE_RESOURCE_TYPE, sizeof(Database));
      200:  258:  database->handle = fdb_database;
      200:  259:  term = enif_make_resource(env, database);
      200:  260:  enif_release_resource(database);
      200:  261:  return term;
        -:  262:}
        -:  263:
        -:  264:static void
      216:  265:transaction_destroy(ErlNifEnv *env, void *object) {
      216:  266:  Transaction *transaction = (Transaction *)object;
      216:  267:  fdb_transaction_destroy(transaction->handle);
      216:  268:  reference_destroy_all(transaction->reference);
      216:  269:}
        -:  270:
        -:  271:static ERL_NIF_TERM
      216:  272:fdb_transaction_to_transaction(ErlNifEnv *env, FDBTransaction *fdb_transaction,
        -:  273:                               Reference *reference) {
        -:  274:  ERL_NIF_TERM term;
      216:  275:  Transaction *transaction =
      216:  276:      enif_alloc_resource(TRANSACTION_RESOURCE_TYPE, sizeof(Transaction));
      216:  277:  transaction->handle = fdb_transaction;
      216:  278:  transaction->reference = reference;
      216:  279:  term = enif_make_resource(env, transaction);
      216:  280:  enif_release_resource(transaction);
      216:  281:  return term;
        -:  282:}
        -:  283:
        -:  284:static fdb_error_t
      212:  285:future_get(ErlNifEnv *env, Future *future, ERL_NIF_TERM *term) {
        -:  286:  fdb_error_t error;
      212:  287:  error = fdb_future_get_error(future->handle);
      212:  288:  *term = make_atom(env, "nil");
        -:  289:
      212:  290:  if (error) {
       20:  291:    return error;
        -:  292:  }
        -:  293:
      192:  294:  switch (future->type) {
        -:  295:  case VALUE: {
        -:  296:    fdb_bool_t present;
        -:  297:    uint8_t const *value;
        -:  298:    int value_length;
       20:  299:    error =
       20:  300:        fdb_future_get_value(future->handle, &present, &value, &value_length);
       20:  301:    if (error) {
    #####:  302:      return error;
        -:  303:    }
       20:  304:    if (present) {
       12:  305:      *term = enif_make_resource_binary(env, future, value, value_length);
       12:  306:    } else {
        8:  307:      *term = make_atom(env, "nil");
        -:  308:    }
       20:  309:    return error;
        -:  310:  }
        -:  311:  case COMMIT: {
      148:  312:    *term = make_atom(env, "ok");
      148:  313:    return error;
        -:  314:  }
        -:  315:  case KEYVALUE_ARRAY: {
        -:  316:    FDBKeyValue const *out_kv;
        -:  317:    int out_count;
        -:  318:    fdb_bool_t out_more;
        -:  319:    ERL_NIF_TERM list;
        -:  320:    ERL_NIF_TERM result_list;
        -:  321:    int i;
        -:  322:
    #####:  323:    error = fdb_future_get_keyvalue_array(future->handle, &out_kv, &out_count,
        -:  324:                                          &out_more);
    #####:  325:    if (error) {
    #####:  326:      return error;
        -:  327:    }
        -:  328:
    #####:  329:    list = enif_make_list(env, 0);
    #####:  330:    for (i = 0; i < out_count; i++) {
    #####:  331:      FDBKeyValue key_value = out_kv[i];
    #####:  332:      ERL_NIF_TERM key = enif_make_resource_binary(env, future, key_value.key,
    #####:  333:                                                   key_value.key_length);
    #####:  334:      ERL_NIF_TERM value = enif_make_resource_binary(
    #####:  335:          env, future, key_value.value, key_value.value_length);
    #####:  336:      list = enif_make_list_cell(env, enif_make_tuple2(env, key, value), list);
    #####:  337:    }
        -:  338:
    #####:  339:    enif_make_reverse_list(env, list, &result_list);
    #####:  340:    *term = enif_make_tuple2(env, enif_make_int(env, out_more), result_list);
    #####:  341:    return error;
        -:  342:  }
        -:  343:  case INT64: {
        -:  344:    int64_t value;
       12:  345:    error = fdb_future_get_int64(future->handle, &value);
       12:  346:    if (error) {
    #####:  347:      return error;
        -:  348:    }
       12:  349:    *term = enif_make_int64(env, value);
       12:  350:    return error;
        -:  351:  }
        -:  352:  case KEY: {
        -:  353:    uint8_t const *key;
        -:  354:    int key_length;
    #####:  355:    error = fdb_future_get_key(future->handle, &key, &key_length);
    #####:  356:    if (error) {
    #####:  357:      return error;
        -:  358:    }
    #####:  359:    *term = enif_make_resource_binary(env, future, key, key_length);
    #####:  360:    return error;
        -:  361:  }
        -:  362:  case STRING_ARRAY: {
        -:  363:    const char **out_strings;
        -:  364:    int out_count;
        -:  365:    ERL_NIF_TERM list;
        -:  366:    ERL_NIF_TERM result_list;
        -:  367:    int i;
        -:  368:
        4:  369:    error =
        4:  370:        fdb_future_get_string_array(future->handle, &out_strings, &out_count);
        4:  371:    if (error) {
    #####:  372:      return error;
        -:  373:    }
        -:  374:
        4:  375:    list = enif_make_list(env, 0);
        8:  376:    for (i = 0; i < out_count; i++) {
        4:  377:      const char *string = out_strings[i];
        4:  378:      ERL_NIF_TERM string_term =
        4:  379:          enif_make_resource_binary(env, future, string, strlen(string));
        4:  380:      list = enif_make_list_cell(env, string_term, list);
        4:  381:    }
        -:  382:
        4:  383:    enif_make_reverse_list(env, list, &result_list);
        4:  384:    *term = result_list;
        4:  385:    return error;
        -:  386:  }
        -:  387:  case WATCH: {
    #####:  388:    *term = make_atom(env, "ok");
    #####:  389:    return error;
        -:  390:  }
        -:  391:  case ERROR: {
        4:  392:    *term = make_atom(env, "ok");
        4:  393:    return error;
        -:  394:  }
        -:  395:  case KEY_ARRAY: {
        -:  396:    FDBKey const *out_keys;
        -:  397:    int out_count;
        -:  398:    ERL_NIF_TERM list;
        -:  399:    ERL_NIF_TERM result_list;
        -:  400:    int i;
        -:  401:
        4:  402:    error = fdb_future_get_key_array(future->handle, &out_keys, &out_count);
        4:  403:    if (error) {
    #####:  404:      return error;
        -:  405:    }
        -:  406:
        4:  407:    list = enif_make_list(env, 0);
       16:  408:    for (i = 0; i < out_count; i++) {
       12:  409:      FDBKey key = out_keys[i];
       12:  410:      ERL_NIF_TERM key_term =
       12:  411:          enif_make_resource_binary(env, future, key.key, key.key_length);
       12:  412:      list = enif_make_list_cell(env, key_term, list);
       12:  413:    }
        -:  414:
        4:  415:    enif_make_reverse_list(env, list, &result_list);
        4:  416:    *term = result_list;
        4:  417:    return error;
        -:  418:  }
        -:  419:  default:
    #####:  420:    error = 1;
    #####:  421:    return error;
        -:  422:  }
      212:  423:}
        -:  424:
        -:  425:typedef struct {
        -:  426:  ErlNifPid *pid;
        -:  427:  ERL_NIF_TERM ref;
        -:  428:  Future *future;
        -:  429:  ErlNifEnv *env;
        -:  430:} FutureCallbackArgv;
        -:  431:
        -:  432:static void
      212:  433:future_callback(FDBFuture *fdb_future, void *argv) {
      212:  434:  FutureCallbackArgv *callback_arg = (FutureCallbackArgv *)argv;
        -:  435:  ERL_NIF_TERM value;
        -:  436:  ERL_NIF_TERM msg;
        -:  437:  int send_result;
      212:  438:  ErlNifEnv *env = callback_arg->env;
        -:  439:
      212:  440:  fdb_error_t error = future_get(env, callback_arg->future, &value);
      424:  441:  msg = enif_make_tuple3(env, enif_make_int(env, error), callback_arg->ref,
      212:  442:                         value);
        -:  443:
      212:  444:  send_result = enif_send(NULL, callback_arg->pid, env, msg);
      212:  445:  if (!send_result) {
        -:  446:    DEBUG_LOG("Failed to send message");
    #####:  447:  }
        -:  448:
      212:  449:  enif_release_resource(callback_arg->future);
      212:  450:  enif_free(callback_arg->pid);
      212:  451:  enif_free_env(env);
      212:  452:  enif_free(callback_arg);
      212:  453:}
        -:  454:
        -:  455:static ERL_NIF_TERM
      212:  456:future_resolve(ErlNifEnv *env, int argc, const ERL_NIF_TERM argv[]) {
        -:  457:  Future *future;
        -:  458:  FutureCallbackArgv *callback_arg;
        -:  459:  fdb_error_t error;
        -:  460:  ERL_NIF_TERM ref;
        -:  461:  ErlNifEnv *callback_env;
        -:  462:
      212:  463:  VERIFY_ARGV(
        -:  464:      enif_get_resource(env, argv[0], FUTURE_RESOURCE_TYPE, (void **)&future),
        -:  465:      "future");
      212:  466:  ref = argv[1];
      212:  467:  VERIFY_ARGV(enif_is_ref(env, ref), "reference");
        -:  468:
      212:  469:  callback_env = enif_alloc_env();
      212:  470:  VERIFY(callback_env, "alloc_env");
      212:  471:  callback_arg = enif_alloc(sizeof(FutureCallbackArgv));
      212:  472:  callback_arg->env = callback_env;
      212:  473:  callback_arg->ref = enif_make_copy(callback_env, ref);
      212:  474:  callback_arg->pid = enif_alloc(sizeof(ErlNifPid));
      212:  475:  enif_keep_resource(future);
      212:  476:  callback_arg->future = future;
      212:  477:  VERIFY(enif_self(env, callback_arg->pid), "self");
      212:  478:  error =
      212:  479:      fdb_future_set_callback(future->handle, future_callback, callback_arg);
      212:  480:  return enif_make_int(env, error);
      212:  481:}
        -:  482:
        -:  483:static ERL_NIF_TERM
       12:  484:future_is_ready(ErlNifEnv *env, int argc, const ERL_NIF_TERM argv[]) {
        -:  485:  Future *future;
        -:  486:  fdb_bool_t ready;
       12:  487:  VERIFY_ARGV(
        -:  488:      enif_get_resource(env, argv[0], FUTURE_RESOURCE_TYPE, (void **)&future),
        -:  489:      "future");
        8:  490:  ready = fdb_future_is_ready(future->handle);
        8:  491:  if (ready) {
        4:  492:    return make_atom(env, "true");
        -:  493:  } else {
        4:  494:    return make_atom(env, "false");
        -:  495:  }
       12:  496:}
        -:  497:
        -:  498:static ERL_NIF_TERM
      200:  499:create_database(ErlNifEnv *env, int argc, const ERL_NIF_TERM argv[]) {
      200:  500:  char *path = NULL;
        -:  501:  ErlNifBinary path_binary;
        -:  502:  fdb_error_t error;
        -:  503:  FDBDatabase *database;
        -:  504:  ERL_NIF_TERM result;
        -:  505:
      200:  506:  if (enif_is_binary(env, argv[0])) {
    #####:  507:    enif_inspect_binary(env, argv[0], &path_binary);
    #####:  508:    path = enif_alloc(sizeof(char) * (path_binary.size + 1));
    #####:  509:    memcpy((void *)path, path_binary.data, path_binary.size);
    #####:  510:    path[path_binary.size] = '\0';
    #####:  511:  }
        -:  512:
      200:  513:  error = fdb_create_database(path, &database);
      200:  514:  if (error) {
    #####:  515:    return enif_make_tuple2(env, enif_make_int(env, error),
    #####:  516:                            make_atom(env, "nil"));
        -:  517:  }
      200:  518:  result = fdb_database_to_database(env, database);
      200:  519:  enif_free(path);
      200:  520:  return enif_make_tuple2(env, enif_make_int(env, error), result);
      200:  521:}
        -:  522:
        -:  523:static ERL_NIF_TERM
       12:  524:database_set_option(ErlNifEnv *env, int argc, const ERL_NIF_TERM argv[]) {
        -:  525:  Database *database;
        -:  526:  Option option;
        -:  527:  ERL_NIF_TERM option_status;
        -:  528:  fdb_error_t error;
        -:  529:
       12:  530:  VERIFY_ARGV(enif_get_resource(env, argv[0], DATABASE_RESOURCE_TYPE,
        -:  531:                                (void **)&database),
        -:  532:              "database");
        -:  533:
        8:  534:  option_status = option_inspect(env, 1, argc, argv, &option);
        8:  535:  if (option_status != OPTION_SUCCESS) {
    #####:  536:    return option_status;
        -:  537:  }
        -:  538:
       16:  539:  error = fdb_database_set_option(database->handle, option.code, option.value,
        8:  540:                                  option.size);
        8:  541:  return enif_make_int(env, error);
       12:  542:}
        -:  543:
        -:  544:static ERL_NIF_TERM
      216:  545:database_create_transaction(ErlNifEnv *env, int argc,
        -:  546:                            const ERL_NIF_TERM argv[]) {
        -:  547:  Database *database;
        -:  548:  FDBTransaction *fdb_transaction;
        -:  549:  Reference *reference;
        -:  550:  fdb_error_t error;
        -:  551:  ERL_NIF_TERM result;
      216:  552:  VERIFY_ARGV(enif_get_resource(env, argv[0], DATABASE_RESOURCE_TYPE,
        -:  553:                                (void **)&database),
        -:  554:              "database");
      216:  555:  error = fdb_database_create_transaction(database->handle, &fdb_transaction);
      216:  556:  if (error) {
    #####:  557:    return enif_make_tuple2(env, enif_make_int(env, error),
    #####:  558:                            make_atom(env, "nil"));
        -:  559:  }
      216:  560:  reference = reference_resource_create(database, NULL);
      216:  561:  result = fdb_transaction_to_transaction(env, fdb_transaction, reference);
      216:  562:  return enif_make_tuple2(env, enif_make_int(env, error), result);
      216:  563:}
        -:  564:
        -:  565:static ERL_NIF_TERM
        8:  566:transaction_set_option(ErlNifEnv *env, int argc, const ERL_NIF_TERM argv[]) {
        -:  567:  Transaction *transaction;
        -:  568:  Option option;
        -:  569:  ERL_NIF_TERM option_status;
        -:  570:  fdb_error_t error;
        -:  571:
        8:  572:  VERIFY_ARGV(enif_get_resource(env, argv[0], TRANSACTION_RESOURCE_TYPE,
        -:  573:                                (void **)&transaction),
        -:  574:              "transaction");
        -:  575:
        8:  576:  option_status = option_inspect(env, 1, argc, argv, &option);
        8:  577:  if (option_status != OPTION_SUCCESS) {
    #####:  578:    return option_status;
        -:  579:  }
        -:  580:
       16:  581:  error = fdb_transaction_set_option(transaction->handle, option.code,
        8:  582:                                     option.value, option.size);
        8:  583:  return enif_make_int(env, error);
        8:  584:}
        -:  585:
        -:  586:static ERL_NIF_TERM
       36:  587:transaction_get(ErlNifEnv *env, int argc, const ERL_NIF_TERM argv[]) {
        -:  588:  Transaction *transaction;
        -:  589:  FDBFuture *fdb_future;
       36:  590:  ERL_NIF_TERM key_term = argv[1];
        -:  591:  ErlNifBinary key;
        -:  592:  fdb_bool_t snapshot;
       36:  593:  Reference *reference = NULL;
       36:  594:  VERIFY_ARGV(enif_get_resource(env, argv[0], TRANSACTION_RESOURCE_TYPE,
        -:  595:                                (void **)&transaction),
        -:  596:              "transaction");
       32:  597:  VERIFY_ARGV(enif_is_binary(env, key_term), "key");
       32:  598:  VERIFY_ARGV(enif_get_int(env, argv[2], &snapshot), "snapshot");
        -:  599:
       32:  600:  enif_inspect_binary(env, key_term, &key);
       32:  601:  fdb_future =
       32:  602:      fdb_transaction_get(transaction->handle, key.data, key.size, snapshot);
        -:  603:
       32:  604:  reference = reference_resource_create(transaction, NULL);
       32:  605:  return fdb_future_to_future(env, fdb_future, VALUE, reference, NULL);
       36:  606:}
        -:  607:
        -:  608:static ERL_NIF_TERM
        4:  609:transaction_get_read_version(ErlNifEnv *env, int argc,
        -:  610:                             const ERL_NIF_TERM argv[]) {
        -:  611:  Transaction *transaction;
        -:  612:  FDBFuture *fdb_future;
        4:  613:  Reference *reference = NULL;
        4:  614:  VERIFY_ARGV(enif_get_resource(env, argv[0], TRANSACTION_RESOURCE_TYPE,
        -:  615:                                (void **)&transaction),
        -:  616:              "transaction");
        4:  617:  fdb_future = fdb_transaction_get_read_version(transaction->handle);
        4:  618:  reference = reference_resource_create(transaction, NULL);
        4:  619:  return fdb_future_to_future(env, fdb_future, INT64, reference, NULL);
        4:  620:}
        -:  621:
        -:  622:static ERL_NIF_TERM
        4:  623:transaction_get_approximate_size(ErlNifEnv *env, int argc,
        -:  624:                                 const ERL_NIF_TERM argv[]) {
        -:  625:  Transaction *transaction;
        -:  626:  FDBFuture *fdb_future;
        4:  627:  Reference *reference = NULL;
        4:  628:  VERIFY_ARGV(enif_get_resource(env, argv[0], TRANSACTION_RESOURCE_TYPE,
        -:  629:                                (void **)&transaction),
        -:  630:              "transaction");
        4:  631:  fdb_future = fdb_transaction_get_approximate_size(transaction->handle);
        4:  632:  reference = reference_resource_create(transaction, NULL);
        4:  633:  return fdb_future_to_future(env, fdb_future, INT64, reference, NULL);
        4:  634:}
        -:  635:
        -:  636:static ERL_NIF_TERM
        4:  637:transaction_get_committed_version(ErlNifEnv *env, int argc,
        -:  638:                                  const ERL_NIF_TERM argv[]) {
        -:  639:  Transaction *transaction;
        -:  640:  fdb_error_t error;
        -:  641:  int64_t version;
        4:  642:  VERIFY_ARGV(enif_get_resource(env, argv[0], TRANSACTION_RESOURCE_TYPE,
        -:  643:                                (void **)&transaction),
        -:  644:              "transaction");
        4:  645:  error = fdb_transaction_get_committed_version(transaction->handle, &version);
        4:  646:  if (error) {
    #####:  647:    return enif_make_tuple2(env, enif_make_int(env, error),
    #####:  648:                            make_atom(env, "nil"));
        -:  649:  }
        8:  650:  return enif_make_tuple2(env, enif_make_int(env, error),
        4:  651:                          enif_make_int64(env, version));
        4:  652:}
        -:  653:
        -:  654:static ERL_NIF_TERM
        4:  655:transaction_get_versionstamp(ErlNifEnv *env, int argc,
        -:  656:                             const ERL_NIF_TERM argv[]) {
        -:  657:  Transaction *transaction;
        -:  658:  FDBFuture *fdb_future;
        4:  659:  Reference *reference = NULL;
        4:  660:  VERIFY_ARGV(enif_get_resource(env, argv[0], TRANSACTION_RESOURCE_TYPE,
        -:  661:                                (void **)&transaction),
        -:  662:              "transaction");
        4:  663:  fdb_future = fdb_transaction_get_versionstamp(transaction->handle);
        4:  664:  reference = reference_resource_create(transaction, NULL);
        4:  665:  return fdb_future_to_future(env, fdb_future, KEY, reference, NULL);
        4:  666:}
        -:  667:
        -:  668:static ERL_NIF_TERM
    #####:  669:transaction_get_key(ErlNifEnv *env, int argc, const ERL_NIF_TERM argv[]) {
        -:  670:  Transaction *transaction;
        -:  671:  FDBFuture *fdb_future;
    #####:  672:  ERL_NIF_TERM key_term = argv[1];
        -:  673:  fdb_bool_t or_equal;
        -:  674:  int offset;
        -:  675:  fdb_bool_t snapshot;
    #####:  676:  Reference *reference = NULL;
        -:  677:
        -:  678:  ErlNifBinary key;
        -:  679:
    #####:  680:  VERIFY_ARGV(enif_get_resource(env, argv[0], TRANSACTION_RESOURCE_TYPE,
        -:  681:                                (void **)&transaction),
        -:  682:              "transaction");
    #####:  683:  VERIFY_ARGV(enif_is_binary(env, key_term), "key");
    #####:  684:  VERIFY_ARGV(enif_get_int(env, argv[2], &or_equal), "or_equal");
    #####:  685:  VERIFY_ARGV(enif_get_int(env, argv[3], &offset), "offset");
    #####:  686:  VERIFY_ARGV(enif_get_int(env, argv[4], &snapshot), "snapshot");
        -:  687:
    #####:  688:  enif_inspect_binary(env, key_term, &key);
    #####:  689:  fdb_future = fdb_transaction_get_key(transaction->handle, key.data, key.size,
    #####:  690:                                       or_equal, offset, snapshot);
    #####:  691:  reference = reference_resource_create(transaction, NULL);
    #####:  692:  return fdb_future_to_future(env, fdb_future, KEY, reference, NULL);
    #####:  693:}
        -:  694:
        -:  695:static ERL_NIF_TERM
        4:  696:transaction_get_addresses_for_key(ErlNifEnv *env, int argc,
        -:  697:                                  const ERL_NIF_TERM argv[]) {
        -:  698:  Transaction *transaction;
        -:  699:  FDBFuture *fdb_future;
        4:  700:  ERL_NIF_TERM key_term = argv[1];
        -:  701:
        -:  702:  ErlNifBinary key;
        4:  703:  Reference *reference = NULL;
        -:  704:
        4:  705:  VERIFY_ARGV(enif_get_resource(env, argv[0], TRANSACTION_RESOURCE_TYPE,
        -:  706:                                (void **)&transaction),
        -:  707:              "transaction");
        4:  708:  VERIFY_ARGV(enif_is_binary(env, key_term), "key");
        -:  709:
        4:  710:  enif_inspect_binary(env, key_term, &key);
        8:  711:  fdb_future = fdb_transaction_get_addresses_for_key(transaction->handle,
        4:  712:                                                     key.data, key.size);
        4:  713:  reference = reference_resource_create(transaction, NULL);
        4:  714:  return fdb_future_to_future(env, fdb_future, STRING_ARRAY, reference, NULL);
        4:  715:}
        -:  716:
        -:  717:static ERL_NIF_TERM
    #####:  718:transaction_get_range(ErlNifEnv *env, int argc, const ERL_NIF_TERM argv[]) {
        -:  719:  Transaction *transaction;
        -:  720:  FDBFuture *fdb_future;
    #####:  721:  Reference *reference = NULL;
        -:  722:
    #####:  723:  ERL_NIF_TERM begin_key_term = argv[1];
        -:  724:  fdb_bool_t begin_or_equal;
        -:  725:  int begin_offset;
        -:  726:
    #####:  727:  ERL_NIF_TERM end_key_term = argv[4];
        -:  728:  fdb_bool_t end_or_equal;
        -:  729:  int end_offset;
        -:  730:
        -:  731:  int limit;
        -:  732:  int target_bytes;
        -:  733:
        -:  734:  int mode;
        -:  735:  int iteration;
        -:  736:  fdb_bool_t snapshot;
        -:  737:  fdb_bool_t reverse;
        -:  738:
        -:  739:  ErlNifBinary begin_key;
        -:  740:  ErlNifBinary end_key;
        -:  741:
    #####:  742:  VERIFY_ARGV(enif_get_resource(env, argv[0], TRANSACTION_RESOURCE_TYPE,
        -:  743:                                (void **)&transaction),
        -:  744:              "transaction");
    #####:  745:  VERIFY_ARGV(enif_is_binary(env, begin_key_term), "begin_key");
    #####:  746:  VERIFY_ARGV(enif_get_int(env, argv[2], &begin_or_equal), "begin_or_equal");
    #####:  747:  VERIFY_ARGV(enif_get_int(env, argv[3], &begin_offset), "begin_offset");
    #####:  748:  VERIFY_ARGV(enif_is_binary(env, end_key_term), "end_key");
    #####:  749:  VERIFY_ARGV(enif_get_int(env, argv[5], &end_or_equal), "end_or_equal");
    #####:  750:  VERIFY_ARGV(enif_get_int(env, argv[6], &end_offset), "end_offset");
    #####:  751:  VERIFY_ARGV(enif_get_int(env, argv[7], &limit), "limit");
    #####:  752:  VERIFY_ARGV(enif_get_int(env, argv[8], &target_bytes), "target_bytes");
    #####:  753:  VERIFY_ARGV(enif_get_int(env, argv[9], &mode), "mode");
    #####:  754:  VERIFY_ARGV(enif_get_int(env, argv[10], &iteration), "iteration");
    #####:  755:  VERIFY_ARGV(enif_get_int(env, argv[11], &snapshot), "snapshot");
    #####:  756:  VERIFY_ARGV(enif_get_int(env, argv[12], &reverse), "reverse");
        -:  757:
    #####:  758:  enif_inspect_binary(env, begin_key_term, &begin_key);
    #####:  759:  enif_inspect_binary(env, end_key_term, &end_key);
        -:  760:
    #####:  761:  fdb_future = fdb_transaction_get_range(
    #####:  762:      transaction->handle, begin_key.data, begin_key.size, begin_or_equal,
    #####:  763:      begin_offset, end_key.data, end_key.size, end_or_equal, end_offset, limit,
    #####:  764:      target_bytes, (FDBStreamingMode)mode, iteration, snapshot, reverse);
        -:  765:
    #####:  766:  reference = reference_resource_create(transaction, NULL);
    #####:  767:  return fdb_future_to_future(env, fdb_future, KEYVALUE_ARRAY, reference, NULL);
    #####:  768:}
        -:  769:
        -:  770:static ERL_NIF_TERM
        4:  771:transaction_get_range_split_points(ErlNifEnv *env, int argc,
        -:  772:                                   const ERL_NIF_TERM argv[]) {
        -:  773:  Transaction *transaction;
        -:  774:  FDBFuture *fdb_future;
        4:  775:  Reference *reference = NULL;
        -:  776:
        4:  777:  ERL_NIF_TERM begin_key_term = argv[1];
        4:  778:  ERL_NIF_TERM end_key_term = argv[2];
        -:  779:  ErlNifSInt64 chunk_size;
        -:  780:
        -:  781:  ErlNifBinary begin_key;
        -:  782:  ErlNifBinary end_key;
        -:  783:
        4:  784:  VERIFY_ARGV(enif_get_resource(env, argv[0], TRANSACTION_RESOURCE_TYPE,
        -:  785:                                (void **)&transaction),
        -:  786:              "transaction");
        4:  787:  VERIFY_ARGV(enif_is_binary(env, begin_key_term), "begin_key");
        4:  788:  VERIFY_ARGV(enif_is_binary(env, end_key_term), "end_key");
        4:  789:  VERIFY_ARGV(enif_get_int64(env, argv[3], &chunk_size), "chunk_size");
        -:  790:
        4:  791:  enif_inspect_binary(env, begin_key_term, &begin_key);
        4:  792:  enif_inspect_binary(env, end_key_term, &end_key);
        -:  793:
        4:  794:  fdb_future = fdb_transaction_get_range_split_points(
        4:  795:      transaction->handle, begin_key.data, begin_key.size, end_key.data,
        4:  796:      end_key.size, chunk_size);
        -:  797:
        4:  798:  reference = reference_resource_create(transaction, NULL);
        4:  799:  return fdb_future_to_future(env, fdb_future, KEY_ARRAY, reference, NULL);
        4:  800:}
        -:  801:
        -:  802:static ERL_NIF_TERM
      640:  803:transaction_set(ErlNifEnv *env, int argc, const ERL_NIF_TERM argv[]) {
        -:  804:  Transaction *transaction;
      640:  805:  ERL_NIF_TERM key_term = argv[1];
      640:  806:  ERL_NIF_TERM value_term = argv[2];
        -:  807:  ErlNifBinary key;
        -:  808:  ErlNifBinary value;
        -:  809:
      640:  810:  VERIFY_ARGV(enif_get_resource(env, argv[0], TRANSACTION_RESOURCE_TYPE,
        -:  811:                                (void **)&transaction),
        -:  812:              "transaction");
      640:  813:  VERIFY_ARGV(enif_is_binary(env, key_term), "key");
      640:  814:  VERIFY_ARGV(enif_is_binary(env, value_term), "value");
        -:  815:
      640:  816:  enif_inspect_binary(env, key_term, &key);
      640:  817:  enif_inspect_binary(env, value_term, &value);
        -:  818:
     1280:  819:  fdb_transaction_set(transaction->handle, key.data, key.size, value.data,
      640:  820:                      value.size);
      640:  821:  return enif_make_int(env, 0);
      640:  822:}
        -:  823:
        -:  824:static ERL_NIF_TERM
        4:  825:transaction_set_read_version(ErlNifEnv *env, int argc,
        -:  826:                             const ERL_NIF_TERM argv[]) {
        -:  827:  Transaction *transaction;
        -:  828:  ErlNifSInt64 version;
        -:  829:
        4:  830:  VERIFY_ARGV(enif_get_resource(env, argv[0], TRANSACTION_RESOURCE_TYPE,
        -:  831:                                (void **)&transaction),
        -:  832:              "transaction");
        4:  833:  VERIFY_ARGV(enif_get_int64(env, argv[1], &version), "version");
        4:  834:  fdb_transaction_set_read_version(transaction->handle, version);
        4:  835:  return enif_make_int(env, 0);
        4:  836:}
        -:  837:
        -:  838:static ERL_NIF_TERM
        8:  839:transaction_add_conflict_range(ErlNifEnv *env, int argc,
        -:  840:                               const ERL_NIF_TERM argv[]) {
        -:  841:  Transaction *transaction;
        -:  842:  int conflict_range_type;
        -:  843:  fdb_error_t error;
        8:  844:  ERL_NIF_TERM begin_key_term = argv[1];
        8:  845:  ERL_NIF_TERM end_key_term = argv[2];
        -:  846:
        -:  847:  ErlNifBinary begin_key;
        -:  848:  ErlNifBinary end_key;
        -:  849:
        8:  850:  VERIFY_ARGV(enif_get_resource(env, argv[0], TRANSACTION_RESOURCE_TYPE,
        -:  851:                                (void **)&transaction),
        -:  852:              "transaction");
        8:  853:  VERIFY_ARGV(enif_is_binary(env, begin_key_term), "begin_key");
        8:  854:  VERIFY_ARGV(enif_is_binary(env, end_key_term), "end_key");
        8:  855:  VERIFY_ARGV(enif_get_int(env, argv[3], &conflict_range_type),
        -:  856:              "conflict_range_type");
        -:  857:
        8:  858:  enif_inspect_binary(env, begin_key_term, &begin_key);
        8:  859:  enif_inspect_binary(env, end_key_term, &end_key);
        -:  860:
        8:  861:  error = fdb_transaction_add_conflict_range(
        8:  862:      transaction->handle, begin_key.data, begin_key.size, end_key.data,
        8:  863:      end_key.size, conflict_range_type);
        -:  864:
        8:  865:  return enif_make_int(env, error);
        8:  866:}
        -:  867:
        -:  868:static ERL_NIF_TERM
        4:  869:transaction_get_estimated_range_size_bytes(ErlNifEnv *env, int argc,
        -:  870:                                           const ERL_NIF_TERM argv[]) {
        -:  871:  Transaction *transaction;
        -:  872:  FDBFuture *fdb_future;
        4:  873:  Reference *reference = NULL;
        -:  874:
        4:  875:  ERL_NIF_TERM begin_key_term = argv[1];
        4:  876:  ERL_NIF_TERM end_key_term = argv[2];
        -:  877:
        -:  878:  ErlNifBinary begin_key;
        -:  879:  ErlNifBinary end_key;
        -:  880:
        4:  881:  VERIFY_ARGV(enif_get_resource(env, argv[0], TRANSACTION_RESOURCE_TYPE,
        -:  882:                                (void **)&transaction),
        -:  883:              "transaction");
        4:  884:  VERIFY_ARGV(enif_is_binary(env, begin_key_term), "begin_key");
        4:  885:  VERIFY_ARGV(enif_is_binary(env, end_key_term), "end_key");
        -:  886:
        4:  887:  enif_inspect_binary(env, begin_key_term, &begin_key);
        4:  888:  enif_inspect_binary(env, end_key_term, &end_key);
        -:  889:
        4:  890:  fdb_future = fdb_transaction_get_estimated_range_size_bytes(
        4:  891:      transaction->handle, begin_key.data, begin_key.size, end_key.data,
        4:  892:      end_key.size);
        4:  893:  reference = reference_resource_create(transaction, NULL);
        4:  894:  return fdb_future_to_future(env, fdb_future, INT64, reference, NULL);
        4:  895:}
        -:  896:
        -:  897:static ERL_NIF_TERM
       12:  898:transaction_atomic_op(ErlNifEnv *env, int argc, const ERL_NIF_TERM argv[]) {
        -:  899:  Transaction *transaction;
       12:  900:  ERL_NIF_TERM key_term = argv[1];
       12:  901:  ERL_NIF_TERM param_term = argv[2];
        -:  902:  ErlNifBinary key;
        -:  903:  ErlNifBinary param;
        -:  904:  int operation_type;
        -:  905:
       12:  906:  VERIFY_ARGV(enif_get_resource(env, argv[0], TRANSACTION_RESOURCE_TYPE,
        -:  907:                                (void **)&transaction),
        -:  908:              "transaction");
       12:  909:  VERIFY_ARGV(enif_is_binary(env, key_term), "key");
       12:  910:  VERIFY_ARGV(enif_is_binary(env, param_term), "param");
       12:  911:  VERIFY_ARGV(enif_get_int(env, argv[3], &operation_type), "operation_type");
        -:  912:
       12:  913:  enif_inspect_binary(env, key_term, &key);
       12:  914:  enif_inspect_binary(env, param_term, &param);
        -:  915:
       24:  916:  fdb_transaction_atomic_op(transaction->handle, key.data, key.size, param.data,
       12:  917:                            param.size, operation_type);
       12:  918:  return enif_make_int(env, 0);
       12:  919:}
        -:  920:
        -:  921:static ERL_NIF_TERM
    #####:  922:transaction_clear(ErlNifEnv *env, int argc, const ERL_NIF_TERM argv[]) {
        -:  923:  Transaction *transaction;
    #####:  924:  ERL_NIF_TERM key_term = argv[1];
        -:  925:  ErlNifBinary key;
    #####:  926:  VERIFY_ARGV(enif_get_resource(env, argv[0], TRANSACTION_RESOURCE_TYPE,
        -:  927:                                (void **)&transaction),
        -:  928:              "transaction");
    #####:  929:  VERIFY_ARGV(enif_is_binary(env, key_term), "key");
        -:  930:
    #####:  931:  enif_inspect_binary(env, key_term, &key);
        -:  932:
    #####:  933:  fdb_transaction_clear(transaction->handle, key.data, key.size);
    #####:  934:  return enif_make_int(env, 0);
    #####:  935:}
        -:  936:
        -:  937:static ERL_NIF_TERM
      108:  938:transaction_clear_range(ErlNifEnv *env, int argc, const ERL_NIF_TERM argv[]) {
        -:  939:  Transaction *transaction;
      108:  940:  ERL_NIF_TERM begin_key_term = argv[1];
      108:  941:  ERL_NIF_TERM end_key_term = argv[2];
        -:  942:  ErlNifBinary begin_key;
        -:  943:  ErlNifBinary end_key;
      108:  944:  VERIFY_ARGV(enif_get_resource(env, argv[0], TRANSACTION_RESOURCE_TYPE,
        -:  945:                                (void **)&transaction),
        -:  946:              "transaction");
      108:  947:  VERIFY_ARGV(enif_is_binary(env, begin_key_term), "begin_key");
      108:  948:  VERIFY_ARGV(enif_is_binary(env, end_key_term), "end_key");
        -:  949:
      108:  950:  enif_inspect_binary(env, begin_key_term, &begin_key);
      108:  951:  enif_inspect_binary(env, end_key_term, &end_key);
        -:  952:
      216:  953:  fdb_transaction_clear_range(transaction->handle, begin_key.data,
      108:  954:                              begin_key.size, end_key.data, end_key.size);
      108:  955:  return enif_make_int(env, 0);
      108:  956:}
        -:  957:
        -:  958:static ERL_NIF_TERM
      152:  959:transaction_commit(ErlNifEnv *env, int argc, const ERL_NIF_TERM argv[]) {
        -:  960:  Transaction *transaction;
        -:  961:  FDBFuture *fdb_future;
      152:  962:  Reference *reference = NULL;
      152:  963:  VERIFY_ARGV(enif_get_resource(env, argv[0], TRANSACTION_RESOURCE_TYPE,
        -:  964:                                (void **)&transaction),
        -:  965:              "transaction");
        -:  966:
      152:  967:  fdb_future = fdb_transaction_commit(transaction->handle);
      152:  968:  reference = reference_resource_create(transaction, NULL);
      152:  969:  return fdb_future_to_future(env, fdb_future, COMMIT, reference, NULL);
      152:  970:}
        -:  971:
        -:  972:static ERL_NIF_TERM
    #####:  973:transaction_watch(ErlNifEnv *env, int argc, const ERL_NIF_TERM argv[]) {
        -:  974:  Transaction *transaction;
    #####:  975:  ERL_NIF_TERM key_term = argv[1];
        -:  976:  ErlNifBinary key;
        -:  977:
        -:  978:  FDBFuture *fdb_future;
        -:  979:
    #####:  980:  VERIFY_ARGV(enif_get_resource(env, argv[0], TRANSACTION_RESOURCE_TYPE,
        -:  981:                                (void **)&transaction),
        -:  982:              "transaction");
    #####:  983:  VERIFY_ARGV(enif_is_binary(env, key_term), "key");
        -:  984:
    #####:  985:  enif_inspect_binary(env, key_term, &key);
        -:  986:
    #####:  987:  fdb_future = fdb_transaction_watch(transaction->handle, key.data, key.size);
    #####:  988:  return fdb_future_to_future(env, fdb_future, WATCH, NULL, NULL);
    #####:  989:}
        -:  990:
        -:  991:static ERL_NIF_TERM
        8:  992:transaction_on_error(ErlNifEnv *env, int argc, const ERL_NIF_TERM argv[]) {
        -:  993:  Transaction *transaction;
        -:  994:  fdb_error_t error_code;
        -:  995:  FDBFuture *fdb_future;
        8:  996:  Reference *reference = NULL;
        8:  997:  VERIFY_ARGV(enif_get_resource(env, argv[0], TRANSACTION_RESOURCE_TYPE,
        -:  998:                                (void **)&transaction),
        -:  999:              "transaction");
        8: 1000:  VERIFY_ARGV(enif_get_int(env, argv[1], &error_code), "error_code");
        -: 1001:
        8: 1002:  fdb_future = fdb_transaction_on_error(transaction->handle, error_code);
        8: 1003:  reference = reference_resource_create(transaction, NULL);
        8: 1004:  return fdb_future_to_future(env, fdb_future, ERROR, reference, NULL);
        8: 1005:}
        -: 1006:
        -: 1007:static ERL_NIF_TERM
        8: 1008:transaction_cancel(ErlNifEnv *env, int argc, const ERL_NIF_TERM argv[]) {
        -: 1009:  Transaction *transaction;
        8: 1010:  VERIFY_ARGV(enif_get_resource(env, argv[0], TRANSACTION_RESOURCE_TYPE,
        -: 1011:                                (void **)&transaction),
        -: 1012:              "transaction");
        8: 1013:  fdb_transaction_cancel(transaction->handle);
        8: 1014:  return enif_make_int(env, 0);
        8: 1015:}
        -: 1016:
        -: 1017:int
        4: 1018:load(ErlNifEnv *env, void **priv_data, ERL_NIF_TERM load_info) {
        4: 1019:  int flags = ERL_NIF_RT_CREATE | ERL_NIF_RT_TAKEOVER;
        8: 1020:  FUTURE_RESOURCE_TYPE = enif_open_resource_type(env, "fdb", "Future",
        4: 1021:                                                 future_destroy, flags, NULL);
        4: 1022:  if (FUTURE_RESOURCE_TYPE == NULL)
    #####: 1023:    return -1;
        4: 1024:  DATABASE_RESOURCE_TYPE = enif_open_resource_type(
        4: 1025:      env, "fdb", "Database", database_destroy, flags, NULL);
        4: 1026:  if (DATABASE_RESOURCE_TYPE == NULL)
    #####: 1027:    return -1;
        4: 1028:  TRANSACTION_RESOURCE_TYPE = enif_open_resource_type(
        4: 1029:      env, "fdb", "Transaction", transaction_destroy, flags, NULL);
        4: 1030:  if (TRANSACTION_RESOURCE_TYPE == NULL)
    #####: 1031:    return -1;
        4: 1032:  return 0;
        4: 1033:}
        -: 1034:
        -: 1035:static ErlNifFunc nif_funcs[] = {
        -: 1036:    {"get_max_api_version", 0, get_max_api_version, 0},
        -: 1037:    {"select_api_version_impl", 2, select_api_version_impl, 0},
        -: 1038:    {"setup_network", 0, setup_network, 0},
        -: 1039:    {"run_network", 0, run_network, 0},
        -: 1040:    {"stop_network", 0, stop_network, 0},
        -: 1041:    {"network_set_option", 1, network_set_option, 0},
        -: 1042:    {"network_set_option", 2, network_set_option, 0},
        -: 1043:    {"create_database", 1, create_database, 0},
        -: 1044:    {"database_set_option", 2, database_set_option, 0},
        -: 1045:    {"database_set_option", 3, database_set_option, 0},
        -: 1046:    {"transaction_set_option", 2, transaction_set_option, 0},
        -: 1047:    {"transaction_set_option", 3, transaction_set_option, 0},
        -: 1048:    {"get_error", 1, get_error, 0},
        -: 1049:    {"get_error_predicate", 2, get_error_predicate, 0},
        -: 1050:    {"future_resolve", 2, future_resolve, 0},
        -: 1051:    {"future_is_ready", 1, future_is_ready, 0},
        -: 1052:    {"database_create_transaction", 1, database_create_transaction, 0},
        -: 1053:    {"transaction_get", 3, transaction_get, 0},
        -: 1054:    {"transaction_get_read_version", 1, transaction_get_read_version, 0},
        -: 1055:    {"transaction_get_approximate_size", 1, transaction_get_approximate_size,
        -: 1056:     0},
        -: 1057:    {"transaction_get_key", 5, transaction_get_key, 0},
        -: 1058:    {"transaction_get_addresses_for_key", 2, transaction_get_addresses_for_key,
        -: 1059:     0},
        -: 1060:    {"transaction_get_range", 13, transaction_get_range, 0},
        -: 1061:    {"transaction_get_range_split_points", 4, transaction_get_range_split_points, 0},
        -: 1062:    {"transaction_set", 3, transaction_set, 0},
        -: 1063:    {"transaction_set_read_version", 2, transaction_set_read_version, 0},
        -: 1064:    {"transaction_add_conflict_range", 4, transaction_add_conflict_range, 0},
        -: 1065:    {"transaction_get_estimated_range_size_bytes", 3,
        -: 1066:     transaction_get_estimated_range_size_bytes, 0},
        -: 1067:    {"transaction_get_committed_version", 1, transaction_get_committed_version,
        -: 1068:     0},
        -: 1069:    {"transaction_get_versionstamp", 1, transaction_get_versionstamp, 0},
        -: 1070:    {"transaction_atomic_op", 4, transaction_atomic_op, 0},
        -: 1071:    {"transaction_clear", 2, transaction_clear, 0},
        -: 1072:    {"transaction_clear_range", 3, transaction_clear_range, 0},
        -: 1073:    {"transaction_watch", 2, transaction_watch, 0},
        -: 1074:    {"transaction_commit", 1, transaction_commit, 0},
        -: 1075:    {"transaction_cancel", 1, transaction_cancel, 0},
        -: 1076:    {"transaction_on_error", 2, transaction_on_error, 0}};
        -: 1077:
        4: 1078:ERL_NIF_INIT(Elixir.FDB.Native, nif_funcs, load, NULL, NULL, NULL)
